{"meta": {"format": 3, "version": "7.14.0", "timestamp": "2026-05-18T18:39:29.784517", "branch_coverage": false, "show_contexts": false}, "files": {"adapters/__init__.py": {"executed_lines": [1, 2, 4], "summary": {"covered_lines": 3, "num_statements": 3, "percent_covered": 100.0, "percent_covered_display": "100", "missing_lines": 0, "excluded_lines": 0, "percent_statements_covered": 100.0, "percent_statements_covered_display": "100"}, "missing_lines": [], "excluded_lines": [], "functions": {"": {"executed_lines": [1, 2, 4], "summary": {"covered_lines": 3, "num_statements": 3, "percent_covered": 100.0, "percent_covered_display": "100", "missing_lines": 0, "excluded_lines": 0, "percent_statements_covered": 100.0, "percent_statements_covered_display": "100"}, "missing_lines": [], "excluded_lines": [], "start_line": 1}}, "classes": {"": {"executed_lines": [1, 2, 4], "summary": {"covered_lines": 3, "num_statements": 3, "percent_covered": 100.0, "percent_covered_display": "100", "missing_lines": 0, "excluded_lines": 0, "percent_statements_covered": 100.0, "percent_statements_covered_display": "100"}, "missing_lines": [], "excluded_lines": [], "start_line": 1}}}, "adapters/base.py": {"executed_lines": [1, 3, 4, 7, 8, 9, 10, 11, 14], "summary": {"covered_lines": 9, "num_statements": 9, "percent_covered": 100.0, "percent_covered_display": "100", "missing_lines": 0, "excluded_lines": 44, "percent_statements_covered": 100.0, "percent_statements_covered_display": "100"}, "missing_lines": [], "excluded_lines": [15, 16, 17, 18, 19, 20, 21, 22, 23, 24, 25, 26, 27, 28, 29, 30, 31, 32, 33, 34, 35, 36, 37, 38, 39, 40, 41, 42, 43, 44, 45, 46, 47, 48, 49, 50, 51, 52, 53, 54, 55, 56, 57, 58], "functions": {"BaseAdapter.adapter_type": {"executed_lines": [], "summary": {"covered_lines": 0, "num_statements": 0, "percent_covered": 100.0, "percent_covered_display": "100", "missing_lines": 0, "excluded_lines": 1, "percent_statements_covered": 100.0, "percent_statements_covered_display": "100"}, "missing_lines": [], "excluded_lines": [18], "start_line": 17}, "BaseAdapter.initialize": {"executed_lines": [], "summary": {"covered_lines": 0, "num_statements": 0, "percent_covered": 100.0, "percent_covered_display": "100", "missing_lines": 0, "excluded_lines": 1, "percent_statements_covered": 100.0, "percent_statements_covered_display": "100"}, "missing_lines": [], "excluded_lines": [22], "start_line": 21}, "BaseAdapter.health_check": {"executed_lines": [], "summary": {"covered_lines": 0, "num_statements": 0, "percent_covered": 100.0, "percent_covered_display": "100", "missing_lines": 0, "excluded_lines": 1, "percent_statements_covered": 100.0, "percent_statements_covered_display": "100"}, "missing_lines": [], "excluded_lines": [26], "start_line": 25}, "BaseAdapter.dispose": {"executed_lines": [], "summary": {"covered_lines": 0, "num_statements": 0, "percent_covered": 100.0, "percent_covered_display": "100", "missing_lines": 0, "excluded_lines": 1, "percent_statements_covered": 100.0, "percent_statements_covered_display": "100"}, "missing_lines": [], "excluded_lines": [30], "start_line": 29}, "BaseAdapter.list": {"executed_lines": [], "summary": {"covered_lines": 0, "num_statements": 0, "percent_covered": 100.0, "percent_covered_display": "100", "missing_lines": 0, "excluded_lines": 1, "percent_statements_covered": 100.0, "percent_statements_covered_display": "100"}, "missing_lines": [], "excluded_lines": [41], "start_line": 33}, "BaseAdapter.get": {"executed_lines": [], "summary": {"covered_lines": 0, "num_statements": 0, "percent_covered": 100.0, "percent_covered_display": "100", "missing_lines": 0, "excluded_lines": 1, "percent_statements_covered": 100.0, "percent_statements_covered_display": "100"}, "missing_lines": [], "excluded_lines": [45], "start_line": 44}, "BaseAdapter.create": {"executed_lines": [], "summary": {"covered_lines": 0, "num_statements": 0, "percent_covered": 100.0, "percent_covered_display": "100", "missing_lines": 0, "excluded_lines": 1, "percent_statements_covered": 100.0, "percent_statements_covered_display": "100"}, "missing_lines": [], "excluded_lines": [49], "start_line": 48}, "BaseAdapter.update": {"executed_lines": [], "summary": {"covered_lines": 0, "num_statements": 0, "percent_covered": 100.0, "percent_covered_display": "100", "missing_lines": 0, "excluded_lines": 1, "percent_statements_covered": 100.0, "percent_statements_covered_display": "100"}, "missing_lines": [], "excluded_lines": [53], "start_line": 52}, "BaseAdapter.upsert": {"executed_lines": [], "summary": {"covered_lines": 0, "num_statements": 0, "percent_covered": 100.0, "percent_covered_display": "100", "missing_lines": 0, "excluded_lines": 1, "percent_statements_covered": 100.0, "percent_statements_covered_display": "100"}, "missing_lines": [], "excluded_lines": [57], "start_line": 56}, "": {"executed_lines": [1, 3, 4, 7, 8, 9, 10, 11, 14], "summary": {"covered_lines": 9, "num_statements": 9, "percent_covered": 100.0, "percent_covered_display": "100", "missing_lines": 0, "excluded_lines": 34, "percent_statements_covered": 100.0, "percent_statements_covered_display": "100"}, "missing_lines": [], "excluded_lines": [15, 16, 17, 19, 20, 21, 23, 24, 25, 27, 28, 29, 31, 32, 33, 34, 35, 36, 37, 38, 39, 40, 42, 43, 44, 46, 47, 48, 50, 51, 52, 54, 55, 56], "start_line": 1}}, "classes": {"ConnectorHealth": {"executed_lines": [], "summary": {"covered_lines": 0, "num_statements": 0, "percent_covered": 100.0, "percent_covered_display": "100", "missing_lines": 0, "excluded_lines": 0, "percent_statements_covered": 100.0, "percent_statements_covered_display": "100"}, "missing_lines": [], "excluded_lines": [], "start_line": 8}, "BaseAdapter": {"executed_lines": [], "summary": {"covered_lines": 0, "num_statements": 0, "percent_covered": 100.0, "percent_covered_display": "100", "missing_lines": 0, "excluded_lines": 9, "percent_statements_covered": 100.0, "percent_statements_covered_display": "100"}, "missing_lines": [], "excluded_lines": [18, 22, 26, 30, 41, 45, 49, 53, 57], "start_line": 14}, "": {"executed_lines": [1, 3, 4, 7, 8, 9, 10, 11, 14], "summary": {"covered_lines": 9, "num_statements": 9, "percent_covered": 100.0, "percent_covered_display": "100", "missing_lines": 0, "excluded_lines": 34, "percent_statements_covered": 100.0, "percent_statements_covered_display": "100"}, "missing_lines": [], "excluded_lines": [15, 16, 17, 19, 20, 21, 23, 24, 25, 27, 28, 29, 31, 32, 33, 34, 35, 36, 37, 38, 39, 40, 42, 43, 44, 46, 47, 48, 50, 51, 52, 54, 55, 56], "start_line": 1}}}, "adapters/odoo/__init__.py": {"executed_lines": [], "summary": {"covered_lines": 0, "num_statements": 0, "percent_covered": 100.0, "percent_covered_display": "100", "missing_lines": 0, "excluded_lines": 0, "percent_statements_covered": 100.0, "percent_statements_covered_display": "100"}, "missing_lines": [], "excluded_lines": [], "functions": {"": {"executed_lines": [], "summary": {"covered_lines": 0, "num_statements": 0, "percent_covered": 100.0, "percent_covered_display": "100", "missing_lines": 0, "excluded_lines": 0, "percent_statements_covered": 100.0, "percent_statements_covered_display": "100"}, "missing_lines": [], "excluded_lines": [], "start_line": 1}}, "classes": {"": {"executed_lines": [], "summary": {"covered_lines": 0, "num_statements": 0, "percent_covered": 100.0, "percent_covered_display": "100", "missing_lines": 0, "excluded_lines": 0, "percent_statements_covered": 100.0, "percent_statements_covered_display": "100"}, "missing_lines": [], "excluded_lines": [], "start_line": 1}}}, "adapters/odoo/adapter.py": {"executed_lines": [1, 3, 4, 6, 7, 10, 11, 12, 13, 14, 15, 16, 19, 20, 21, 22, 23, 25, 26, 29, 30, 31, 33, 34, 41, 48, 50, 51, 53, 54, 55, 58, 59, 60, 62, 63, 64, 66, 67, 74, 76, 84, 85, 86, 88, 93, 98, 102, 103, 104, 105, 108, 109, 110, 111, 114, 115, 116, 117, 118, 119, 122, 123], "summary": {"covered_lines": 63, "num_statements": 77, "percent_covered": 81.81818181818181, "percent_covered_display": "82", "missing_lines": 14, "excluded_lines": 0, "percent_statements_covered": 81.81818181818181, "percent_statements_covered_display": "82"}, "missing_lines": [27, 52, 56, 57, 89, 90, 91, 94, 95, 96, 99, 100, 112, 120], "excluded_lines": [], "functions": {"OdooAdapter.__init__": {"executed_lines": [21, 22, 23], "summary": {"covered_lines": 3, "num_statements": 3, "percent_covered": 100.0, "percent_covered_display": "100", "missing_lines": 0, "excluded_lines": 0, "percent_statements_covered": 100.0, "percent_statements_covered_display": "100"}, "missing_lines": [], "excluded_lines": [], "start_line": 20}, "OdooAdapter.adapter_type": {"executed_lines": [], "summary": {"covered_lines": 0, "num_statements": 1, "percent_covered": 0.0, "percent_covered_display": "0", "missing_lines": 1, "excluded_lines": 0, "percent_statements_covered": 0.0, "percent_statements_covered_display": "0"}, "missing_lines": [27], "excluded_lines": [], "start_line": 26}, "OdooAdapter.connect": {"executed_lines": [30, 31], "summary": {"covered_lines": 2, "num_statements": 2, "percent_covered": 100.0, "percent_covered_display": "100", "missing_lines": 0, "excluded_lines": 0, "percent_statements_covered": 100.0, "percent_statements_covered_display": "100"}, "missing_lines": [], "excluded_lines": [], "start_line": 29}, "OdooAdapter.initialize": {"executed_lines": [34, 41, 48], "summary": {"covered_lines": 3, "num_statements": 3, "percent_covered": 100.0, "percent_covered_display": "100", "missing_lines": 0, "excluded_lines": 0, "percent_statements_covered": 100.0, "percent_statements_covered_display": "100"}, "missing_lines": [], "excluded_lines": [], "start_line": 33}, "OdooAdapter.health_check": {"executed_lines": [51, 53, 54, 55, 58, 59, 60], "summary": {"covered_lines": 7, "num_statements": 10, "percent_covered": 70.0, "percent_covered_display": "70", "missing_lines": 3, "excluded_lines": 0, "percent_statements_covered": 70.0, "percent_statements_covered_display": "70"}, "missing_lines": [52, 56, 57], "excluded_lines": [], "start_line": 50}, "OdooAdapter.dispose": {"executed_lines": [63, 64], "summary": {"covered_lines": 2, "num_statements": 2, "percent_covered": 100.0, "percent_covered_display": "100", "missing_lines": 0, "excluded_lines": 0, "percent_statements_covered": 100.0, "percent_statements_covered_display": "100"}, "missing_lines": [], "excluded_lines": [], "start_line": 62}, "OdooAdapter._model_for": {"executed_lines": [67, 74], "summary": {"covered_lines": 2, "num_statements": 2, "percent_covered": 100.0, "percent_covered_display": "100", "missing_lines": 0, "excluded_lines": 0, "percent_statements_covered": 100.0, "percent_statements_covered_display": "100"}, "missing_lines": [], "excluded_lines": [], "start_line": 66}, "OdooAdapter.list": {"executed_lines": [84, 85, 86], "summary": {"covered_lines": 3, "num_statements": 3, "percent_covered": 100.0, "percent_covered_display": "100", "missing_lines": 0, "excluded_lines": 0, "percent_statements_covered": 100.0, "percent_statements_covered_display": "100"}, "missing_lines": [], "excluded_lines": [], "start_line": 76}, "OdooAdapter.get": {"executed_lines": [], "summary": {"covered_lines": 0, "num_statements": 3, "percent_covered": 0.0, "percent_covered_display": "0", "missing_lines": 3, "excluded_lines": 0, "percent_statements_covered": 0.0, "percent_statements_covered_display": "0"}, "missing_lines": [89, 90, 91], "excluded_lines": [], "start_line": 88}, "OdooAdapter.create": {"executed_lines": [], "summary": {"covered_lines": 0, "num_statements": 3, "percent_covered": 0.0, "percent_covered_display": "0", "missing_lines": 3, "excluded_lines": 0, "percent_statements_covered": 0.0, "percent_statements_covered_display": "0"}, "missing_lines": [94, 95, 96], "excluded_lines": [], "start_line": 93}, "OdooAdapter.update": {"executed_lines": [], "summary": {"covered_lines": 0, "num_statements": 2, "percent_covered": 0.0, "percent_covered_display": "0", "missing_lines": 2, "excluded_lines": 0, "percent_statements_covered": 0.0, "percent_statements_covered_display": "0"}, "missing_lines": [99, 100], "excluded_lines": [], "start_line": 98}, "OdooAdapter.upsert": {"executed_lines": [103, 104, 105, 108, 109, 110, 111], "summary": {"covered_lines": 7, "num_statements": 8, "percent_covered": 87.5, "percent_covered_display": "88", "missing_lines": 1, "excluded_lines": 0, "percent_statements_covered": 87.5, "percent_statements_covered_display": "88"}, "missing_lines": [112], "excluded_lines": [], "start_line": 102}, "OdooAdapter._build_domain": {"executed_lines": [115, 116, 117, 118, 119, 122, 123], "summary": {"covered_lines": 7, "num_statements": 8, "percent_covered": 87.5, "percent_covered_display": "88", "missing_lines": 1, "excluded_lines": 0, "percent_statements_covered": 87.5, "percent_statements_covered_display": "88"}, "missing_lines": [120], "excluded_lines": [], "start_line": 114}, "": {"executed_lines": [1, 3, 4, 6, 7, 10, 11, 12, 13, 14, 15, 16, 19, 20, 25, 26, 29, 33, 50, 62, 66, 76, 88, 93, 98, 102, 114], "summary": {"covered_lines": 27, "num_statements": 27, "percent_covered": 100.0, "percent_covered_display": "100", "missing_lines": 0, "excluded_lines": 0, "percent_statements_covered": 100.0, "percent_statements_covered_display": "100"}, "missing_lines": [], "excluded_lines": [], "start_line": 1}}, "classes": {"OdooConfig": {"executed_lines": [], "summary": {"covered_lines": 0, "num_statements": 0, "percent_covered": 100.0, "percent_covered_display": "100", "missing_lines": 0, "excluded_lines": 0, "percent_statements_covered": 100.0, "percent_statements_covered_display": "100"}, "missing_lines": [], "excluded_lines": [], "start_line": 11}, "OdooAdapter": {"executed_lines": [21, 22, 23, 30, 31, 34, 41, 48, 51, 53, 54, 55, 58, 59, 60, 63, 64, 67, 74, 84, 85, 86, 103, 104, 105, 108, 109, 110, 111, 115, 116, 117, 118, 119, 122, 123], "summary": {"covered_lines": 36, "num_statements": 50, "percent_covered": 72.0, "percent_covered_display": "72", "missing_lines": 14, "excluded_lines": 0, "percent_statements_covered": 72.0, "percent_statements_covered_display": "72"}, "missing_lines": [27, 52, 56, 57, 89, 90, 91, 94, 95, 96, 99, 100, 112, 120], "excluded_lines": [], "start_line": 19}, "": {"executed_lines": [1, 3, 4, 6, 7, 10, 11, 12, 13, 14, 15, 16, 19, 20, 25, 26, 29, 33, 50, 62, 66, 76, 88, 93, 98, 102, 114], "summary": {"covered_lines": 27, "num_statements": 27, "percent_covered": 100.0, "percent_covered_display": "100", "missing_lines": 0, "excluded_lines": 0, "percent_statements_covered": 100.0, "percent_statements_covered_display": "100"}, "missing_lines": [], "excluded_lines": [], "start_line": 1}}}, "adapters/odoo/client.py": {"executed_lines": [1, 3, 4, 6, 9, 10, 13, 14, 17, 18, 26, 27, 28, 29, 30, 31, 33, 34, 38, 49, 50, 52, 59, 61, 63, 70, 87, 88, 89, 90, 91, 96, 97, 98, 99, 101, 102, 104, 105, 106, 107, 108, 110, 112, 120, 121, 122, 123, 125, 126, 127, 129, 137, 138, 139, 140, 141, 142], "summary": {"covered_lines": 58, "num_statements": 63, "percent_covered": 92.06349206349206, "percent_covered_display": "92", "missing_lines": 5, "excluded_lines": 0, "percent_statements_covered": 92.06349206349206, "percent_statements_covered_display": "92"}, "missing_lines": [35, 36, 60, 124, 143], "excluded_lines": [], "functions": {"OdooClient.__init__": {"executed_lines": [26, 27, 28, 29, 30, 31], "summary": {"covered_lines": 6, "num_statements": 6, "percent_covered": 100.0, "percent_covered_display": "100", "missing_lines": 0, "excluded_lines": 0, "percent_statements_covered": 100.0, "percent_statements_covered_display": "100"}, "missing_lines": [], "excluded_lines": [], "start_line": 18}, "OdooClient.authenticate": {"executed_lines": [34, 38, 49, 50], "summary": {"covered_lines": 4, "num_statements": 6, "percent_covered": 66.66666666666667, "percent_covered_display": "67", "missing_lines": 2, "excluded_lines": 0, "percent_statements_covered": 66.66666666666667, "percent_statements_covered_display": "67"}, "missing_lines": [35, 36], "excluded_lines": [], "start_line": 33}, "OdooClient.call": {"executed_lines": [59, 61], "summary": {"covered_lines": 2, "num_statements": 3, "percent_covered": 66.66666666666667, "percent_covered_display": "67", "missing_lines": 1, "excluded_lines": 0, "percent_statements_covered": 66.66666666666667, "percent_statements_covered_display": "67"}, "missing_lines": [60], "excluded_lines": [], "start_line": 52}, "OdooClient._request": {"executed_lines": [70, 87, 88, 89, 90, 91, 96, 97, 98, 99], "summary": {"covered_lines": 10, "num_statements": 10, "percent_covered": 100.0, "percent_covered_display": "100", "missing_lines": 0, "excluded_lines": 0, "percent_statements_covered": 100.0, "percent_statements_covered_display": "100"}, "missing_lines": [], "excluded_lines": [], "start_line": 63}, "OdooClient._post_json": {"executed_lines": [102, 104, 110], "summary": {"covered_lines": 3, "num_statements": 3, "percent_covered": 100.0, "percent_covered_display": "100", "missing_lines": 0, "excluded_lines": 0, "percent_statements_covered": 100.0, "percent_statements_covered_display": "100"}, "missing_lines": [], "excluded_lines": [], "start_line": 101}, "OdooClient._post_json._send": {"executed_lines": [105, 106, 107, 108], "summary": {"covered_lines": 4, "num_statements": 4, "percent_covered": 100.0, "percent_covered_display": "100", "missing_lines": 0, "excluded_lines": 0, "percent_statements_covered": 100.0, "percent_statements_covered_display": "100"}, "missing_lines": [], "excluded_lines": [], "start_line": 104}, "OdooClient._request_with_reauth": {"executed_lines": [120, 121, 122, 123, 125, 126, 127], "summary": {"covered_lines": 7, "num_statements": 8, "percent_covered": 87.5, "percent_covered_display": "88", "missing_lines": 1, "excluded_lines": 0, "percent_statements_covered": 87.5, "percent_statements_covered_display": "88"}, "missing_lines": [124], "excluded_lines": [], "start_line": 112}, "OdooClient.search_read": {"executed_lines": [137, 138, 139, 140, 141, 142], "summary": {"covered_lines": 6, "num_statements": 7, "percent_covered": 85.71428571428571, "percent_covered_display": "86", "missing_lines": 1, "excluded_lines": 0, "percent_statements_covered": 85.71428571428571, "percent_statements_covered_display": "86"}, "missing_lines": [143], "excluded_lines": [], "start_line": 129}, "": {"executed_lines": [1, 3, 4, 6, 9, 10, 13, 14, 17, 18, 33, 52, 63, 101, 112, 129], "summary": {"covered_lines": 16, "num_statements": 16, "percent_covered": 100.0, "percent_covered_display": "100", "missing_lines": 0, "excluded_lines": 0, "percent_statements_covered": 100.0, "percent_statements_covered_display": "100"}, "missing_lines": [], "excluded_lines": [], "start_line": 1}}, "classes": {"OdooClientError": {"executed_lines": [], "summary": {"covered_lines": 0, "num_statements": 0, "percent_covered": 100.0, "percent_covered_display": "100", "missing_lines": 0, "excluded_lines": 0, "percent_statements_covered": 100.0, "percent_statements_covered_display": "100"}, "missing_lines": [], "excluded_lines": [], "start_line": 9}, "AccessError": {"executed_lines": [], "summary": {"covered_lines": 0, "num_statements": 0, "percent_covered": 100.0, "percent_covered_display": "100", "missing_lines": 0, "excluded_lines": 0, "percent_statements_covered": 100.0, "percent_statements_covered_display": "100"}, "missing_lines": [], "excluded_lines": [], "start_line": 13}, "OdooClient": {"executed_lines": [26, 27, 28, 29, 30, 31, 34, 38, 49, 50, 59, 61, 70, 87, 88, 89, 90, 91, 96, 97, 98, 99, 102, 104, 105, 106, 107, 108, 110, 120, 121, 122, 123, 125, 126, 127, 137, 138, 139, 140, 141, 142], "summary": {"covered_lines": 42, "num_statements": 47, "percent_covered": 89.36170212765957, "percent_covered_display": "89", "missing_lines": 5, "excluded_lines": 0, "percent_statements_covered": 89.36170212765957, "percent_statements_covered_display": "89"}, "missing_lines": [35, 36, 60, 124, 143], "excluded_lines": [], "start_line": 17}, "": {"executed_lines": [1, 3, 4, 6, 9, 10, 13, 14, 17, 18, 33, 52, 63, 101, 112, 129], "summary": {"covered_lines": 16, "num_statements": 16, "percent_covered": 100.0, "percent_covered_display": "100", "missing_lines": 0, "excluded_lines": 0, "percent_statements_covered": 100.0, "percent_statements_covered_display": "100"}, "missing_lines": [], "excluded_lines": [], "start_line": 1}}}, "adapters/registry.py": {"executed_lines": [1, 3, 5, 6, 9, 10, 13, 15, 16, 17, 19, 20, 23, 24, 25, 26, 27, 30], "summary": {"covered_lines": 18, "num_statements": 19, "percent_covered": 94.73684210526316, "percent_covered_display": "95", "missing_lines": 1, "excluded_lines": 0, "percent_statements_covered": 94.73684210526316, "percent_statements_covered_display": "95"}, "missing_lines": [31], "excluded_lines": [], "functions": {"register": {"executed_lines": [10], "summary": {"covered_lines": 1, "num_statements": 1, "percent_covered": 100.0, "percent_covered_display": "100", "missing_lines": 0, "excluded_lines": 0, "percent_statements_covered": 100.0, "percent_statements_covered_display": "100"}, "missing_lines": [], "excluded_lines": [], "start_line": 9}, "_ensure_default_adapters_registered": {"executed_lines": [15, 16, 17, 19, 20], "summary": {"covered_lines": 5, "num_statements": 5, "percent_covered": 100.0, "percent_covered_display": "100", "missing_lines": 0, "excluded_lines": 0, "percent_statements_covered": 100.0, "percent_statements_covered_display": "100"}, "missing_lines": [], "excluded_lines": [], "start_line": 13}, "get_adapter": {"executed_lines": [24, 25, 26, 27], "summary": {"covered_lines": 4, "num_statements": 4, "percent_covered": 100.0, "percent_covered_display": "100", "missing_lines": 0, "excluded_lines": 0, "percent_statements_covered": 100.0, "percent_statements_covered_display": "100"}, "missing_lines": [], "excluded_lines": [], "start_line": 23}, "list_available": {"executed_lines": [], "summary": {"covered_lines": 0, "num_statements": 1, "percent_covered": 0.0, "percent_covered_display": "0", "missing_lines": 1, "excluded_lines": 0, "percent_statements_covered": 0.0, "percent_statements_covered_display": "0"}, "missing_lines": [31], "excluded_lines": [], "start_line": 30}, "": {"executed_lines": [1, 3, 5, 6, 9, 13, 23, 30], "summary": {"covered_lines": 8, "num_statements": 8, "percent_covered": 100.0, "percent_covered_display": "100", "missing_lines": 0, "excluded_lines": 0, "percent_statements_covered": 100.0, "percent_statements_covered_display": "100"}, "missing_lines": [], "excluded_lines": [], "start_line": 1}}, "classes": {"": {"executed_lines": [1, 3, 5, 6, 9, 10, 13, 15, 16, 17, 19, 20, 23, 24, 25, 26, 27, 30], "summary": {"covered_lines": 18, "num_statements": 19, "percent_covered": 94.73684210526316, "percent_covered_display": "95", "missing_lines": 1, "excluded_lines": 0, "percent_statements_covered": 94.73684210526316, "percent_statements_covered_display": "95"}, "missing_lines": [31], "excluded_lines": [], "start_line": 1}}}, "ai/__init__.py": {"executed_lines": [], "summary": {"covered_lines": 0, "num_statements": 0, "percent_covered": 100.0, "percent_covered_display": "100", "missing_lines": 0, "excluded_lines": 0, "percent_statements_covered": 100.0, "percent_statements_covered_display": "100"}, "missing_lines": [], "excluded_lines": [], "functions": {"": {"executed_lines": [], "summary": {"covered_lines": 0, "num_statements": 0, "percent_covered": 100.0, "percent_covered_display": "100", "missing_lines": 0, "excluded_lines": 0, "percent_statements_covered": 100.0, "percent_statements_covered_display": "100"}, "missing_lines": [], "excluded_lines": [], "start_line": 1}}, "classes": {"": {"executed_lines": [], "summary": {"covered_lines": 0, "num_statements": 0, "percent_covered": 100.0, "percent_covered_display": "100", "missing_lines": 0, "excluded_lines": 0, "percent_statements_covered": 100.0, "percent_statements_covered_display": "100"}, "missing_lines": [], "excluded_lines": [], "start_line": 1}}}, "ai/client.py": {"executed_lines": [1, 3, 4, 5, 7, 9, 12, 13, 14, 15, 16, 17, 20, 35, 36, 42, 49, 50, 53, 54, 55, 56, 57, 58, 62, 68, 69, 70, 71, 73, 85, 86, 88, 89, 90, 91, 92, 93, 94, 95, 96, 106, 120, 121, 124, 138, 148, 149, 150, 151, 155], "summary": {"covered_lines": 51, "num_statements": 70, "percent_covered": 72.85714285714286, "percent_covered_display": "73", "missing_lines": 19, "excluded_lines": 14, "percent_statements_covered": 72.85714285714286, "percent_statements_covered_display": "73"}, "missing_lines": [107, 115, 116, 117, 122, 130, 131, 132, 133, 134, 135, 136, 139, 140, 141, 142, 143, 144, 145], "excluded_lines": [21, 22, 23, 24, 25, 26, 27, 28, 29, 30, 31, 32, 33, 34], "functions": {"AIProvider.generate": {"executed_lines": [], "summary": {"covered_lines": 0, "num_statements": 0, "percent_covered": 100.0, "percent_covered_display": "100", "missing_lines": 0, "excluded_lines": 1, "percent_statements_covered": 100.0, "percent_statements_covered_display": "100"}, "missing_lines": [], "excluded_lines": [28], "start_line": 22}, "AIProvider.embed": {"executed_lines": [], "summary": {"covered_lines": 0, "num_statements": 0, "percent_covered": 100.0, "percent_covered_display": "100", "missing_lines": 0, "excluded_lines": 1, "percent_statements_covered": 100.0, "percent_statements_covered_display": "100"}, "missing_lines": [], "excluded_lines": [32], "start_line": 31}, "MockProvider.generate": {"executed_lines": [42], "summary": {"covered_lines": 1, "num_statements": 1, "percent_covered": 100.0, "percent_covered_display": "100", "missing_lines": 0, "excluded_lines": 0, "percent_statements_covered": 100.0, "percent_statements_covered_display": "100"}, "missing_lines": [], "excluded_lines": [], "start_line": 36}, "MockProvider.embed": {"executed_lines": [50], "summary": {"covered_lines": 1, "num_statements": 1, "percent_covered": 100.0, "percent_covered_display": "100", "missing_lines": 0, "excluded_lines": 0, "percent_statements_covered": 100.0, "percent_statements_covered_display": "100"}, "missing_lines": [], "excluded_lines": [], "start_line": 49}, "OpenAIProvider.__init__": {"executed_lines": [55, 56, 57, 58], "summary": {"covered_lines": 4, "num_statements": 4, "percent_covered": 100.0, "percent_covered_display": "100", "missing_lines": 0, "excluded_lines": 0, "percent_statements_covered": 100.0, "percent_statements_covered_display": "100"}, "missing_lines": [], "excluded_lines": [], "start_line": 54}, "OpenAIProvider.generate": {"executed_lines": [68, 69, 70, 71, 73, 85, 86, 88, 89, 90, 91, 92, 93, 94, 95, 96], "summary": {"covered_lines": 16, "num_statements": 16, "percent_covered": 100.0, "percent_covered_display": "100", "missing_lines": 0, "excluded_lines": 0, "percent_statements_covered": 100.0, "percent_statements_covered_display": "100"}, "missing_lines": [], "excluded_lines": [], "start_line": 62}, "OpenAIProvider.embed": {"executed_lines": [], "summary": {"covered_lines": 0, "num_statements": 4, "percent_covered": 0.0, "percent_covered_display": "0", "missing_lines": 4, "excluded_lines": 0, "percent_statements_covered": 0.0, "percent_statements_covered_display": "0"}, "missing_lines": [107, 115, 116, 117], "excluded_lines": [], "start_line": 106}, "FallbackProvider.__init__": {"executed_lines": [], "summary": {"covered_lines": 0, "num_statements": 1, "percent_covered": 0.0, "percent_covered_display": "0", "missing_lines": 1, "excluded_lines": 0, "percent_statements_covered": 0.0, "percent_statements_covered_display": "0"}, "missing_lines": [122], "excluded_lines": [], "start_line": 121}, "FallbackProvider.generate": {"executed_lines": [], "summary": {"covered_lines": 0, "num_statements": 7, "percent_covered": 0.0, "percent_covered_display": "0", "missing_lines": 7, "excluded_lines": 0, "percent_statements_covered": 0.0, "percent_statements_covered_display": "0"}, "missing_lines": [130, 131, 132, 133, 134, 135, 136], "excluded_lines": [], "start_line": 124}, "FallbackProvider.embed": {"executed_lines": [], "summary": {"covered_lines": 0, "num_statements": 7, "percent_covered": 0.0, "percent_covered_display": "0", "missing_lines": 7, "excluded_lines": 0, "percent_statements_covered": 0.0, "percent_statements_covered_display": "0"}, "missing_lines": [139, 140, 141, 142, 143, 144, 145], "excluded_lines": [], "start_line": 138}, "get_ai_provider": {"executed_lines": [149, 150, 151, 155], "summary": {"covered_lines": 4, "num_statements": 4, "percent_covered": 100.0, "percent_covered_display": "100", "missing_lines": 0, "excluded_lines": 0, "percent_statements_covered": 100.0, "percent_statements_covered_display": "100"}, "missing_lines": [], "excluded_lines": [], "start_line": 148}, "": {"executed_lines": [1, 3, 4, 5, 7, 9, 12, 13, 14, 15, 16, 17, 20, 35, 36, 49, 53, 54, 62, 106, 120, 121, 124, 138, 148], "summary": {"covered_lines": 25, "num_statements": 25, "percent_covered": 100.0, "percent_covered_display": "100", "missing_lines": 0, "excluded_lines": 12, "percent_statements_covered": 100.0, "percent_statements_covered_display": "100"}, "missing_lines": [], "excluded_lines": [21, 22, 23, 24, 25, 26, 27, 29, 30, 31, 33, 34], "start_line": 1}}, "classes": {"AIResponse": {"executed_lines": [], "summary": {"covered_lines": 0, "num_statements": 0, "percent_covered": 100.0, "percent_covered_display": "100", "missing_lines": 0, "excluded_lines": 0, "percent_statements_covered": 100.0, "percent_statements_covered_display": "100"}, "missing_lines": [], "excluded_lines": [], "start_line": 13}, "AIProvider": {"executed_lines": [], "summary": {"covered_lines": 0, "num_statements": 0, "percent_covered": 100.0, "percent_covered_display": "100", "missing_lines": 0, "excluded_lines": 2, "percent_statements_covered": 100.0, "percent_statements_covered_display": "100"}, "missing_lines": [], "excluded_lines": [28, 32], "start_line": 20}, "MockProvider": {"executed_lines": [42, 50], "summary": {"covered_lines": 2, "num_statements": 2, "percent_covered": 100.0, "percent_covered_display": "100", "missing_lines": 0, "excluded_lines": 0, "percent_statements_covered": 100.0, "percent_statements_covered_display": "100"}, "missing_lines": [], "excluded_lines": [], "start_line": 35}, "OpenAIProvider": {"executed_lines": [55, 56, 57, 58, 68, 69, 70, 71, 73, 85, 86, 88, 89, 90, 91, 92, 93, 94, 95, 96], "summary": {"covered_lines": 20, "num_statements": 24, "percent_covered": 83.33333333333333, "percent_covered_display": "83", "missing_lines": 4, "excluded_lines": 0, "percent_statements_covered": 83.33333333333333, "percent_statements_covered_display": "83"}, "missing_lines": [107, 115, 116, 117], "excluded_lines": [], "start_line": 53}, "FallbackProvider": {"executed_lines": [], "summary": {"covered_lines": 0, "num_statements": 15, "percent_covered": 0.0, "percent_covered_display": "0", "missing_lines": 15, "excluded_lines": 0, "percent_statements_covered": 0.0, "percent_statements_covered_display": "0"}, "missing_lines": [122, 130, 131, 132, 133, 134, 135, 136, 139, 140, 141, 142, 143, 144, 145], "excluded_lines": [], "start_line": 120}, "": {"executed_lines": [1, 3, 4, 5, 7, 9, 12, 13, 14, 15, 16, 17, 20, 35, 36, 49, 53, 54, 62, 106, 120, 121, 124, 138, 148, 149, 150, 151, 155], "summary": {"covered_lines": 29, "num_statements": 29, "percent_covered": 100.0, "percent_covered_display": "100", "missing_lines": 0, "excluded_lines": 12, "percent_statements_covered": 100.0, "percent_statements_covered_display": "100"}, "missing_lines": [], "excluded_lines": [21, 22, 23, 24, 25, 26, 27, 29, 30, 31, 33, 34], "start_line": 1}}}, "ai/prompts.py": {"executed_lines": [1, 16, 29, 36, 44, 45, 47, 48, 49, 50, 52, 53, 54, 57, 64, 72, 117, 125, 128, 129, 130, 132, 133, 134, 135, 136, 137, 138, 139, 142, 174, 279, 302, 303, 304, 305, 307, 308, 310, 311, 312, 315, 318, 322, 329, 330, 331, 332, 355, 356, 358, 359, 360, 361, 363, 364, 368, 369, 373, 374, 375, 376, 377, 378, 380, 384, 386, 389, 390, 391, 393, 409, 411, 412, 413, 421, 432, 433, 434, 435, 438, 439, 442, 443, 444, 445, 448, 449, 452, 453, 454, 455, 462, 463, 472], "summary": {"covered_lines": 95, "num_statements": 142, "percent_covered": 66.90140845070422, "percent_covered_display": "67", "missing_lines": 47, "excluded_lines": 0, "percent_statements_covered": 66.90140845070422, "percent_statements_covered_display": "67"}, "missing_lines": [46, 51, 58, 65, 66, 131, 147, 148, 149, 150, 151, 306, 313, 314, 316, 317, 323, 324, 325, 333, 334, 335, 340, 341, 347, 362, 387, 394, 395, 396, 397, 398, 399, 400, 401, 402, 403, 404, 405, 410, 414, 418, 419, 422, 423, 424, 428], "excluded_lines": [], "functions": {"build_heal_prompt": {"executed_lines": [44, 45, 47, 48, 49, 50, 52, 53, 54], "summary": {"covered_lines": 9, "num_statements": 11, "percent_covered": 81.81818181818181, "percent_covered_display": "82", "missing_lines": 2, "excluded_lines": 0, "percent_statements_covered": 81.81818181818181, "percent_statements_covered_display": "82"}, "missing_lines": [46, 51], "excluded_lines": [], "start_line": 36}, "build_classify_prompt": {"executed_lines": [], "summary": {"covered_lines": 0, "num_statements": 1, "percent_covered": 0.0, "percent_covered_display": "0", "missing_lines": 1, "excluded_lines": 0, "percent_statements_covered": 0.0, "percent_statements_covered_display": "0"}, "missing_lines": [58], "excluded_lines": [], "start_line": 57}, "build_extract_prompt": {"executed_lines": [], "summary": {"covered_lines": 0, "num_statements": 2, "percent_covered": 0.0, "percent_covered_display": "0", "missing_lines": 2, "excluded_lines": 0, "percent_statements_covered": 0.0, "percent_statements_covered_display": "0"}, "missing_lines": [65, 66], "excluded_lines": [], "start_line": 64}, "build_semantic_analysis_prompt": {"executed_lines": [125, 128, 129, 130, 132, 133, 134, 135, 136, 137, 138, 139], "summary": {"covered_lines": 12, "num_statements": 13, "percent_covered": 92.3076923076923, "percent_covered_display": "92", "missing_lines": 1, "excluded_lines": 0, "percent_statements_covered": 92.3076923076923, "percent_statements_covered_display": "92"}, "missing_lines": [131], "excluded_lines": [], "start_line": 117}, "build_simplification_prompt": {"executed_lines": [], "summary": {"covered_lines": 0, "num_statements": 5, "percent_covered": 0.0, "percent_covered_display": "0", "missing_lines": 5, "excluded_lines": 0, "percent_statements_covered": 0.0, "percent_statements_covered_display": "0"}, "missing_lines": [147, 148, 149, 150, 151], "excluded_lines": [], "start_line": 142}, "build_agent_decision_prompt": {"executed_lines": [302, 303, 304, 305, 307, 308, 310, 311, 312, 315, 318, 322, 329, 330, 331, 332, 355, 356, 358, 359, 360, 361, 363, 364, 368, 369, 373, 374, 375, 376, 377, 378, 380, 384, 386, 389, 390, 391, 393, 409, 411, 412, 413, 421, 432, 433, 434, 435, 438, 439, 442, 443, 444, 445, 448, 449, 452, 453, 454, 455, 462, 463, 472], "summary": {"covered_lines": 63, "num_statements": 99, "percent_covered": 63.63636363636363, "percent_covered_display": "64", "missing_lines": 36, "excluded_lines": 0, "percent_statements_covered": 63.63636363636363, "percent_statements_covered_display": "64"}, "missing_lines": [306, 313, 314, 316, 317, 323, 324, 325, 333, 334, 335, 340, 341, 347, 362, 387, 394, 395, 396, 397, 398, 399, 400, 401, 402, 403, 404, 405, 410, 414, 418, 419, 422, 423, 424, 428], "excluded_lines": [], "start_line": 279}, "": {"executed_lines": [1, 16, 29, 36, 57, 64, 72, 117, 142, 174, 279], "summary": {"covered_lines": 11, "num_statements": 11, "percent_covered": 100.0, "percent_covered_display": "100", "missing_lines": 0, "excluded_lines": 0, "percent_statements_covered": 100.0, "percent_statements_covered_display": "100"}, "missing_lines": [], "excluded_lines": [], "start_line": 1}}, "classes": {"": {"executed_lines": [1, 16, 29, 36, 44, 45, 47, 48, 49, 50, 52, 53, 54, 57, 64, 72, 117, 125, 128, 129, 130, 132, 133, 134, 135, 136, 137, 138, 139, 142, 174, 279, 302, 303, 304, 305, 307, 308, 310, 311, 312, 315, 318, 322, 329, 330, 331, 332, 355, 356, 358, 359, 360, 361, 363, 364, 368, 369, 373, 374, 375, 376, 377, 378, 380, 384, 386, 389, 390, 391, 393, 409, 411, 412, 413, 421, 432, 433, 434, 435, 438, 439, 442, 443, 444, 445, 448, 449, 452, 453, 454, 455, 462, 463, 472], "summary": {"covered_lines": 95, "num_statements": 142, "percent_covered": 66.90140845070422, "percent_covered_display": "67", "missing_lines": 47, "excluded_lines": 0, "percent_statements_covered": 66.90140845070422, "percent_statements_covered_display": "67"}, "missing_lines": [46, 51, 58, 65, 66, 131, 147, 148, 149, 150, 151, 306, 313, 314, 316, 317, 323, 324, 325, 333, 334, 335, 340, 341, 347, 362, 387, 394, 395, 396, 397, 398, 399, 400, 401, 402, 403, 404, 405, 410, 414, 418, 419, 422, 423, 424, 428], "excluded_lines": [], "start_line": 1}}}, "api/__init__.py": {"executed_lines": [], "summary": {"covered_lines": 0, "num_statements": 0, "percent_covered": 100.0, "percent_covered_display": "100", "missing_lines": 0, "excluded_lines": 0, "percent_statements_covered": 100.0, "percent_statements_covered_display": "100"}, "missing_lines": [], "excluded_lines": [], "functions": {"": {"executed_lines": [], "summary": {"covered_lines": 0, "num_statements": 0, "percent_covered": 100.0, "percent_covered_display": "100", "missing_lines": 0, "excluded_lines": 0, "percent_statements_covered": 100.0, "percent_statements_covered_display": "100"}, "missing_lines": [], "excluded_lines": [], "start_line": 1}}, "classes": {"": {"executed_lines": [], "summary": {"covered_lines": 0, "num_statements": 0, "percent_covered": 100.0, "percent_covered_display": "100", "missing_lines": 0, "excluded_lines": 0, "percent_statements_covered": 100.0, "percent_statements_covered_display": "100"}, "missing_lines": [], "excluded_lines": [], "start_line": 1}}}, "api/main.py": {"executed_lines": [1, 2, 3, 4, 5, 6, 8, 9, 10, 12, 13, 14, 15, 16, 17, 18, 19, 20, 21, 22, 23, 24, 25, 26, 27, 28, 29, 30, 32, 33, 35, 38, 39, 56, 62, 73, 74, 75, 76, 77, 78, 79, 82, 83, 84, 85, 86, 88, 89, 90, 97, 100, 101, 102, 103, 104, 124, 127, 128, 129, 130, 131, 132, 141, 145, 146, 149, 150, 151, 152, 153, 154, 155, 157, 160, 161, 173, 174, 177, 178, 191, 192, 193, 194, 195, 196, 197, 198, 199, 200, 201, 202, 203, 204, 207, 208, 209], "summary": {"covered_lines": 97, "num_statements": 121, "percent_covered": 80.16528925619835, "percent_covered_display": "80", "missing_lines": 24, "excluded_lines": 0, "percent_statements_covered": 80.16528925619835, "percent_statements_covered_display": "80"}, "missing_lines": [40, 41, 42, 44, 45, 46, 47, 48, 49, 50, 51, 52, 53, 105, 106, 107, 108, 109, 110, 111, 114, 115, 179, 180], "excluded_lines": [], "functions": {"lifespan": {"executed_lines": [], "summary": {"covered_lines": 0, "num_statements": 13, "percent_covered": 0.0, "percent_covered_display": "0", "missing_lines": 13, "excluded_lines": 0, "percent_statements_covered": 0.0, "percent_statements_covered_display": "0"}, "missing_lines": [40, 41, 42, 44, 45, 46, 47, 48, 49, 50, 51, 52, 53], "excluded_lines": [], "start_line": 39}, "request_id_middleware": {"executed_lines": [75, 76, 77, 78, 79], "summary": {"covered_lines": 5, "num_statements": 5, "percent_covered": 100.0, "percent_covered_display": "100", "missing_lines": 0, "excluded_lines": 0, "percent_statements_covered": 100.0, "percent_statements_covered_display": "100"}, "missing_lines": [], "excluded_lines": [], "start_line": 74}, "logging_middleware": {"executed_lines": [84, 85, 86, 88, 89, 90, 97], "summary": {"covered_lines": 7, "num_statements": 7, "percent_covered": 100.0, "percent_covered_display": "100", "missing_lines": 0, "excluded_lines": 0, "percent_statements_covered": 100.0, "percent_statements_covered_display": "100"}, "missing_lines": [], "excluded_lines": [], "start_line": 83}, "csrf_origin_check": {"executed_lines": [102, 103, 104, 124], "summary": {"covered_lines": 4, "num_statements": 13, "percent_covered": 30.76923076923077, "percent_covered_display": "31", "missing_lines": 9, "excluded_lines": 0, "percent_statements_covered": 30.76923076923077, "percent_statements_covered_display": "31"}, "missing_lines": [105, 106, 107, 108, 109, 110, 111, 114, 115], "excluded_lines": [], "start_line": 101}, "auth_middleware": {"executed_lines": [129, 130, 131, 132, 141], "summary": {"covered_lines": 5, "num_statements": 5, "percent_covered": 100.0, "percent_covered_display": "100", "missing_lines": 0, "excluded_lines": 0, "percent_statements_covered": 100.0, "percent_statements_covered_display": "100"}, "missing_lines": [], "excluded_lines": [], "start_line": 128}, "rate_limit_middleware": {"executed_lines": [151, 152, 153, 154, 155, 157, 160, 161, 173, 174], "summary": {"covered_lines": 10, "num_statements": 10, "percent_covered": 100.0, "percent_covered_display": "100", "missing_lines": 0, "excluded_lines": 0, "percent_statements_covered": 100.0, "percent_statements_covered_display": "100"}, "missing_lines": [], "excluded_lines": [], "start_line": 150}, "global_exception_handler": {"executed_lines": [], "summary": {"covered_lines": 0, "num_statements": 2, "percent_covered": 0.0, "percent_covered_display": "0", "missing_lines": 2, "excluded_lines": 0, "percent_statements_covered": 0.0, "percent_statements_covered_display": "0"}, "missing_lines": [179, 180], "excluded_lines": [], "start_line": 178}, "health": {"executed_lines": [209], "summary": {"covered_lines": 1, "num_statements": 1, "percent_covered": 100.0, "percent_covered_display": "100", "missing_lines": 0, "excluded_lines": 0, "percent_statements_covered": 100.0, "percent_statements_covered_display": "100"}, "missing_lines": [], "excluded_lines": [], "start_line": 208}, "": {"executed_lines": [1, 2, 3, 4, 5, 6, 8, 9, 10, 12, 13, 14, 15, 16, 17, 18, 19, 20, 21, 22, 23, 24, 25, 26, 27, 28, 29, 30, 32, 33, 35, 38, 39, 56, 62, 73, 74, 82, 83, 100, 101, 127, 128, 145, 146, 149, 150, 177, 178, 191, 192, 193, 194, 195, 196, 197, 198, 199, 200, 201, 202, 203, 204, 207, 208], "summary": {"covered_lines": 65, "num_statements": 65, "percent_covered": 100.0, "percent_covered_display": "100", "missing_lines": 0, "excluded_lines": 0, "percent_statements_covered": 100.0, "percent_statements_covered_display": "100"}, "missing_lines": [], "excluded_lines": [], "start_line": 1}}, "classes": {"": {"executed_lines": [1, 2, 3, 4, 5, 6, 8, 9, 10, 12, 13, 14, 15, 16, 17, 18, 19, 20, 21, 22, 23, 24, 25, 26, 27, 28, 29, 30, 32, 33, 35, 38, 39, 56, 62, 73, 74, 75, 76, 77, 78, 79, 82, 83, 84, 85, 86, 88, 89, 90, 97, 100, 101, 102, 103, 104, 124, 127, 128, 129, 130, 131, 132, 141, 145, 146, 149, 150, 151, 152, 153, 154, 155, 157, 160, 161, 173, 174, 177, 178, 191, 192, 193, 194, 195, 196, 197, 198, 199, 200, 201, 202, 203, 204, 207, 208, 209], "summary": {"covered_lines": 97, "num_statements": 121, "percent_covered": 80.16528925619835, "percent_covered_display": "80", "missing_lines": 24, "excluded_lines": 0, "percent_statements_covered": 80.16528925619835, "percent_statements_covered_display": "80"}, "missing_lines": [40, 41, 42, 44, 45, 46, 47, 48, 49, 50, 51, 52, 53, 105, 106, 107, 108, 109, 110, 111, 114, 115, 179, 180], "excluded_lines": [], "start_line": 1}}}, "api/v1/__init__.py": {"executed_lines": [], "summary": {"covered_lines": 0, "num_statements": 0, "percent_covered": 100.0, "percent_covered_display": "100", "missing_lines": 0, "excluded_lines": 0, "percent_statements_covered": 100.0, "percent_statements_covered_display": "100"}, "missing_lines": [], "excluded_lines": [], "functions": {"": {"executed_lines": [], "summary": {"covered_lines": 0, "num_statements": 0, "percent_covered": 100.0, "percent_covered_display": "100", "missing_lines": 0, "excluded_lines": 0, "percent_statements_covered": 100.0, "percent_statements_covered_display": "100"}, "missing_lines": [], "excluded_lines": [], "start_line": 1}}, "classes": {"": {"executed_lines": [], "summary": {"covered_lines": 0, "num_statements": 0, "percent_covered": 100.0, "percent_covered_display": "100", "missing_lines": 0, "excluded_lines": 0, "percent_statements_covered": 100.0, "percent_statements_covered_display": "100"}, "missing_lines": [], "excluded_lines": [], "start_line": 1}}}, "api/v1/agent.py": {"executed_lines": [1, 3, 4, 5, 7, 8, 9, 17, 19, 21, 24, 25, 31, 32, 37, 38, 39, 40, 42, 43, 44, 47, 48, 53, 54, 55, 63, 64, 69, 70, 73, 74, 79, 80, 81, 84, 87, 88, 94, 96, 98, 123, 124, 130, 131, 132, 133], "summary": {"covered_lines": 47, "num_statements": 61, "percent_covered": 77.04918032786885, "percent_covered_display": "77", "missing_lines": 14, "excluded_lines": 0, "percent_statements_covered": 77.04918032786885, "percent_statements_covered_display": "77"}, "missing_lines": [41, 56, 57, 58, 59, 60, 82, 83, 104, 105, 134, 135, 136, 137], "excluded_lines": [], "functions": {"_error": {"executed_lines": [25], "summary": {"covered_lines": 1, "num_statements": 1, "percent_covered": 100.0, "percent_covered_display": "100", "missing_lines": 0, "excluded_lines": 0, "percent_statements_covered": 100.0, "percent_statements_covered_display": "100"}, "missing_lines": [], "excluded_lines": [], "start_line": 24}, "agent_poll": {"executed_lines": [37, 38, 39, 40, 42, 43, 44], "summary": {"covered_lines": 7, "num_statements": 8, "percent_covered": 87.5, "percent_covered_display": "88", "missing_lines": 1, "excluded_lines": 0, "percent_statements_covered": 87.5, "percent_statements_covered_display": "88"}, "missing_lines": [41], "excluded_lines": [], "start_line": 32}, "agent_result": {"executed_lines": [53, 54, 55], "summary": {"covered_lines": 3, "num_statements": 8, "percent_covered": 37.5, "percent_covered_display": "38", "missing_lines": 5, "excluded_lines": 0, "percent_statements_covered": 37.5, "percent_statements_covered_display": "38"}, "missing_lines": [56, 57, 58, 59, 60], "excluded_lines": [], "start_line": 48}, "agent_action": {"executed_lines": [69, 70], "summary": {"covered_lines": 2, "num_statements": 2, "percent_covered": 100.0, "percent_covered_display": "100", "missing_lines": 0, "excluded_lines": 0, "percent_statements_covered": 100.0, "percent_statements_covered_display": "100"}, "missing_lines": [], "excluded_lines": [], "start_line": 64}, "agent_decisions": {"executed_lines": [79, 80, 81, 84], "summary": {"covered_lines": 4, "num_statements": 6, "percent_covered": 66.66666666666667, "percent_covered_display": "67", "missing_lines": 2, "excluded_lines": 0, "percent_statements_covered": 66.66666666666667, "percent_statements_covered_display": "67"}, "missing_lines": [82, 83], "excluded_lines": [], "start_line": 74}, "agent_outcomes": {"executed_lines": [94, 96, 98], "summary": {"covered_lines": 3, "num_statements": 5, "percent_covered": 60.0, "percent_covered_display": "60", "missing_lines": 2, "excluded_lines": 0, "percent_statements_covered": 60.0, "percent_statements_covered_display": "60"}, "missing_lines": [104, 105], "excluded_lines": [], "start_line": 88}, "agent_resume": {"executed_lines": [130, 131, 132, 133], "summary": {"covered_lines": 4, "num_statements": 8, "percent_covered": 50.0, "percent_covered_display": "50", "missing_lines": 4, "excluded_lines": 0, "percent_statements_covered": 50.0, "percent_statements_covered_display": "50"}, "missing_lines": [134, 135, 136, 137], "excluded_lines": [], "start_line": 124}, "": {"executed_lines": [1, 3, 4, 5, 7, 8, 9, 17, 19, 21, 24, 31, 32, 47, 48, 63, 64, 73, 74, 87, 88, 123, 124], "summary": {"covered_lines": 23, "num_statements": 23, "percent_covered": 100.0, "percent_covered_display": "100", "missing_lines": 0, "excluded_lines": 0, "percent_statements_covered": 100.0, "percent_statements_covered_display": "100"}, "missing_lines": [], "excluded_lines": [], "start_line": 1}}, "classes": {"": {"executed_lines": [1, 3, 4, 5, 7, 8, 9, 17, 19, 21, 24, 25, 31, 32, 37, 38, 39, 40, 42, 43, 44, 47, 48, 53, 54, 55, 63, 64, 69, 70, 73, 74, 79, 80, 81, 84, 87, 88, 94, 96, 98, 123, 124, 130, 131, 132, 133], "summary": {"covered_lines": 47, "num_statements": 61, "percent_covered": 77.04918032786885, "percent_covered_display": "77", "missing_lines": 14, "excluded_lines": 0, "percent_statements_covered": 77.04918032786885, "percent_statements_covered_display": "77"}, "missing_lines": [41, 56, 57, 58, 59, 60, 82, 83, 104, 105, 134, 135, 136, 137], "excluded_lines": [], "start_line": 1}}}, "api/v1/ai.py": {"executed_lines": [1, 2, 4, 5, 7, 8, 10, 12, 15, 16, 17, 18, 19, 22, 23, 24, 27, 28, 29, 32, 33, 34, 35, 36, 42, 44, 45, 46, 47, 48, 49, 50, 51, 52, 53, 54, 55, 70, 71, 81, 82], "summary": {"covered_lines": 41, "num_statements": 53, "percent_covered": 77.35849056603773, "percent_covered_display": "77", "missing_lines": 12, "excluded_lines": 0, "percent_statements_covered": 77.35849056603773, "percent_statements_covered_display": "77"}, "missing_lines": [61, 62, 72, 73, 74, 75, 78, 83, 84, 85, 86, 89], "excluded_lines": [], "functions": {"suggest_recovery": {"executed_lines": [34, 35, 36, 42, 44, 45, 46, 47, 48, 49, 50, 51, 52, 53, 54, 55], "summary": {"covered_lines": 16, "num_statements": 18, "percent_covered": 88.88888888888889, "percent_covered_display": "89", "missing_lines": 2, "excluded_lines": 0, "percent_statements_covered": 88.88888888888889, "percent_statements_covered_display": "89"}, "missing_lines": [61, 62], "excluded_lines": [], "start_line": 33}, "classify_page": {"executed_lines": [], "summary": {"covered_lines": 0, "num_statements": 5, "percent_covered": 0.0, "percent_covered_display": "0", "missing_lines": 5, "excluded_lines": 0, "percent_statements_covered": 0.0, "percent_statements_covered_display": "0"}, "missing_lines": [72, 73, 74, 75, 78], "excluded_lines": [], "start_line": 71}, "extract_data": {"executed_lines": [], "summary": {"covered_lines": 0, "num_statements": 5, "percent_covered": 0.0, "percent_covered_display": "0", "missing_lines": 5, "excluded_lines": 0, "percent_statements_covered": 0.0, "percent_statements_covered_display": "0"}, "missing_lines": [83, 84, 85, 86, 89], "excluded_lines": [], "start_line": 82}, "": {"executed_lines": [1, 2, 4, 5, 7, 8, 10, 12, 15, 16, 17, 18, 19, 22, 23, 24, 27, 28, 29, 32, 33, 70, 71, 81, 82], "summary": {"covered_lines": 25, "num_statements": 25, "percent_covered": 100.0, "percent_covered_display": "100", "missing_lines": 0, "excluded_lines": 0, "percent_statements_covered": 100.0, "percent_statements_covered_display": "100"}, "missing_lines": [], "excluded_lines": [], "start_line": 1}}, "classes": {"RecoverySuggestRequest": {"executed_lines": [], "summary": {"covered_lines": 0, "num_statements": 0, "percent_covered": 100.0, "percent_covered_display": "100", "missing_lines": 0, "excluded_lines": 0, "percent_statements_covered": 100.0, "percent_statements_covered_display": "100"}, "missing_lines": [], "excluded_lines": [], "start_line": 15}, "ClassifyRequest": {"executed_lines": [], "summary": {"covered_lines": 0, "num_statements": 0, "percent_covered": 100.0, "percent_covered_display": "100", "missing_lines": 0, "excluded_lines": 0, "percent_statements_covered": 100.0, "percent_statements_covered_display": "100"}, "missing_lines": [], "excluded_lines": [], "start_line": 22}, "ExtractRequest": {"executed_lines": [], "summary": {"covered_lines": 0, "num_statements": 0, "percent_covered": 100.0, "percent_covered_display": "100", "missing_lines": 0, "excluded_lines": 0, "percent_statements_covered": 100.0, "percent_statements_covered_display": "100"}, "missing_lines": [], "excluded_lines": [], "start_line": 27}, "": {"executed_lines": [1, 2, 4, 5, 7, 8, 10, 12, 15, 16, 17, 18, 19, 22, 23, 24, 27, 28, 29, 32, 33, 34, 35, 36, 42, 44, 45, 46, 47, 48, 49, 50, 51, 52, 53, 54, 55, 70, 71, 81, 82], "summary": {"covered_lines": 41, "num_statements": 53, "percent_covered": 77.35849056603773, "percent_covered_display": "77", "missing_lines": 12, "excluded_lines": 0, "percent_statements_covered": 77.35849056603773, "percent_statements_covered_display": "77"}, "missing_lines": [61, 62, 72, 73, 74, 75, 78, 83, 84, 85, 86, 89], "excluded_lines": [], "start_line": 1}}}, "api/v1/analysis.py": {"executed_lines": [1, 3, 4, 5, 6, 8, 9, 10, 12, 14, 17, 18, 19, 20, 21, 24, 25, 26, 27, 28, 29, 32, 33, 36, 37, 42, 43, 44, 45, 46, 102, 103, 104, 105, 151, 152, 153, 154, 155, 161, 162, 163, 164, 165, 171, 172, 173, 174, 185, 186], "summary": {"covered_lines": 50, "num_statements": 74, "percent_covered": 67.56756756756756, "percent_covered_display": "68", "missing_lines": 24, "excluded_lines": 0, "percent_statements_covered": 67.56756756756756, "percent_statements_covered_display": "68"}, "missing_lines": [47, 48, 50, 51, 52, 53, 55, 106, 107, 109, 110, 111, 113, 156, 157, 158, 166, 167, 168, 175, 176, 177, 187, 188], "excluded_lines": [], "functions": {"_not_found": {"executed_lines": [33], "summary": {"covered_lines": 1, "num_statements": 1, "percent_covered": 100.0, "percent_covered_display": "100", "missing_lines": 0, "excluded_lines": 0, "percent_statements_covered": 100.0, "percent_statements_covered_display": "100"}, "missing_lines": [], "excluded_lines": [], "start_line": 32}, "analyze_workflow": {"executed_lines": [42, 43, 44, 45, 46], "summary": {"covered_lines": 5, "num_statements": 12, "percent_covered": 41.666666666666664, "percent_covered_display": "42", "missing_lines": 7, "excluded_lines": 0, "percent_statements_covered": 41.666666666666664, "percent_statements_covered_display": "42"}, "missing_lines": [47, 48, 50, 51, 52, 53, 55], "excluded_lines": [], "start_line": 37}, "get_analysis": {"executed_lines": [104, 105], "summary": {"covered_lines": 2, "num_statements": 8, "percent_covered": 25.0, "percent_covered_display": "25", "missing_lines": 6, "excluded_lines": 0, "percent_statements_covered": 25.0, "percent_statements_covered_display": "25"}, "missing_lines": [106, 107, 109, 110, 111, 113], "excluded_lines": [], "start_line": 103}, "update_analysis": {"executed_lines": [153, 154, 155], "summary": {"covered_lines": 3, "num_statements": 6, "percent_covered": 50.0, "percent_covered_display": "50", "missing_lines": 3, "excluded_lines": 0, "percent_statements_covered": 50.0, "percent_statements_covered_display": "50"}, "missing_lines": [156, 157, 158], "excluded_lines": [], "start_line": 152}, "update_parameter": {"executed_lines": [163, 164, 165], "summary": {"covered_lines": 3, "num_statements": 6, "percent_covered": 50.0, "percent_covered_display": "50", "missing_lines": 3, "excluded_lines": 0, "percent_statements_covered": 50.0, "percent_statements_covered_display": "50"}, "missing_lines": [166, 167, 168], "excluded_lines": [], "start_line": 162}, "get_template": {"executed_lines": [173, 174], "summary": {"covered_lines": 2, "num_statements": 5, "percent_covered": 40.0, "percent_covered_display": "40", "missing_lines": 3, "excluded_lines": 0, "percent_statements_covered": 40.0, "percent_statements_covered_display": "40"}, "missing_lines": [175, 176, 177], "excluded_lines": [], "start_line": 172}, "ai_status": {"executed_lines": [], "summary": {"covered_lines": 0, "num_statements": 2, "percent_covered": 0.0, "percent_covered_display": "0", "missing_lines": 2, "excluded_lines": 0, "percent_statements_covered": 0.0, "percent_statements_covered_display": "0"}, "missing_lines": [187, 188], "excluded_lines": [], "start_line": 186}, "": {"executed_lines": [1, 3, 4, 5, 6, 8, 9, 10, 12, 14, 17, 18, 19, 20, 21, 24, 25, 26, 27, 28, 29, 32, 36, 37, 102, 103, 151, 152, 161, 162, 171, 172, 185, 186], "summary": {"covered_lines": 34, "num_statements": 34, "percent_covered": 100.0, "percent_covered_display": "100", "missing_lines": 0, "excluded_lines": 0, "percent_statements_covered": 100.0, "percent_statements_covered_display": "100"}, "missing_lines": [], "excluded_lines": [], "start_line": 1}}, "classes": {"UpdateAnalysisRequest": {"executed_lines": [], "summary": {"covered_lines": 0, "num_statements": 0, "percent_covered": 100.0, "percent_covered_display": "100", "missing_lines": 0, "excluded_lines": 0, "percent_statements_covered": 100.0, "percent_statements_covered_display": "100"}, "missing_lines": [], "excluded_lines": [], "start_line": 17}, "UpdateParameterRequest": {"executed_lines": [], "summary": {"covered_lines": 0, "num_statements": 0, "percent_covered": 100.0, "percent_covered_display": "100", "missing_lines": 0, "excluded_lines": 0, "percent_statements_covered": 100.0, "percent_statements_covered_display": "100"}, "missing_lines": [], "excluded_lines": [], "start_line": 24}, "": {"executed_lines": [1, 3, 4, 5, 6, 8, 9, 10, 12, 14, 17, 18, 19, 20, 21, 24, 25, 26, 27, 28, 29, 32, 33, 36, 37, 42, 43, 44, 45, 46, 102, 103, 104, 105, 151, 152, 153, 154, 155, 161, 162, 163, 164, 165, 171, 172, 173, 174, 185, 186], "summary": {"covered_lines": 50, "num_statements": 74, "percent_covered": 67.56756756756756, "percent_covered_display": "68", "missing_lines": 24, "excluded_lines": 0, "percent_statements_covered": 67.56756756756756, "percent_statements_covered_display": "68"}, "missing_lines": [47, 48, 50, 51, 52, 53, 55, 106, 107, 109, 110, 111, 113, 156, 157, 158, 166, 167, 168, 175, 176, 177, 187, 188], "excluded_lines": [], "start_line": 1}}}, "api/v1/artifacts.py": {"executed_lines": [1, 3, 4, 5, 7, 8, 9, 11, 13, 16, 17, 23, 24, 31, 32, 34, 35, 36, 37, 38, 58, 59, 63, 64, 79, 80, 84, 85, 86, 105, 106, 110, 111, 112, 128, 129, 133, 134, 135], "summary": {"covered_lines": 39, "num_statements": 54, "percent_covered": 72.22222222222223, "percent_covered_display": "72", "missing_lines": 15, "excluded_lines": 0, "percent_statements_covered": 72.22222222222223, "percent_statements_covered_display": "72"}, "missing_lines": [47, 65, 87, 88, 90, 91, 92, 93, 95, 113, 114, 116, 136, 137, 139], "excluded_lines": [], "functions": {"_error": {"executed_lines": [17], "summary": {"covered_lines": 1, "num_statements": 1, "percent_covered": 100.0, "percent_covered_display": "100", "missing_lines": 0, "excluded_lines": 0, "percent_statements_covered": 100.0, "percent_statements_covered_display": "100"}, "missing_lines": [], "excluded_lines": [], "start_line": 16}, "upload_artifact": {"executed_lines": [31, 32, 34, 35, 36, 37, 38], "summary": {"covered_lines": 7, "num_statements": 8, "percent_covered": 87.5, "percent_covered_display": "88", "missing_lines": 1, "excluded_lines": 0, "percent_statements_covered": 87.5, "percent_statements_covered_display": "88"}, "missing_lines": [47], "excluded_lines": [], "start_line": 24}, "list_artifacts": {"executed_lines": [63, 64], "summary": {"covered_lines": 2, "num_statements": 3, "percent_covered": 66.66666666666667, "percent_covered_display": "67", "missing_lines": 1, "excluded_lines": 0, "percent_statements_covered": 66.66666666666667, "percent_statements_covered_display": "67"}, "missing_lines": [65], "excluded_lines": [], "start_line": 59}, "download_artifact": {"executed_lines": [84, 85, 86], "summary": {"covered_lines": 3, "num_statements": 10, "percent_covered": 30.0, "percent_covered_display": "30", "missing_lines": 7, "excluded_lines": 0, "percent_statements_covered": 30.0, "percent_statements_covered_display": "30"}, "missing_lines": [87, 88, 90, 91, 92, 93, 95], "excluded_lines": [], "start_line": 80}, "get_artifact_metadata": {"executed_lines": [110, 111, 112], "summary": {"covered_lines": 3, "num_statements": 6, "percent_covered": 50.0, "percent_covered_display": "50", "missing_lines": 3, "excluded_lines": 0, "percent_statements_covered": 50.0, "percent_statements_covered_display": "50"}, "missing_lines": [113, 114, 116], "excluded_lines": [], "start_line": 106}, "delete_artifact": {"executed_lines": [133, 134, 135], "summary": {"covered_lines": 3, "num_statements": 6, "percent_covered": 50.0, "percent_covered_display": "50", "missing_lines": 3, "excluded_lines": 0, "percent_statements_covered": 50.0, "percent_statements_covered_display": "50"}, "missing_lines": [136, 137, 139], "excluded_lines": [], "start_line": 129}, "": {"executed_lines": [1, 3, 4, 5, 7, 8, 9, 11, 13, 16, 23, 24, 58, 59, 79, 80, 105, 106, 128, 129], "summary": {"covered_lines": 20, "num_statements": 20, "percent_covered": 100.0, "percent_covered_display": "100", "missing_lines": 0, "excluded_lines": 0, "percent_statements_covered": 100.0, "percent_statements_covered_display": "100"}, "missing_lines": [], "excluded_lines": [], "start_line": 1}}, "classes": {"": {"executed_lines": [1, 3, 4, 5, 7, 8, 9, 11, 13, 16, 17, 23, 24, 31, 32, 34, 35, 36, 37, 38, 58, 59, 63, 64, 79, 80, 84, 85, 86, 105, 106, 110, 111, 112, 128, 129, 133, 134, 135], "summary": {"covered_lines": 39, "num_statements": 54, "percent_covered": 72.22222222222223, "percent_covered_display": "72", "missing_lines": 15, "excluded_lines": 0, "percent_statements_covered": 72.22222222222223, "percent_statements_covered_display": "72"}, "missing_lines": [47, 65, 87, 88, 90, 91, 92, 93, 95, 113, 114, 116, 136, 137, 139], "excluded_lines": [], "start_line": 1}}}, "api/v1/audit.py": {"executed_lines": [1, 2, 4, 5, 6, 7, 9, 10, 11, 12, 13, 15, 17, 20, 21, 25, 26, 27, 28], "summary": {"covered_lines": 19, "num_statements": 31, "percent_covered": 61.29032258064516, "percent_covered_display": "61", "missing_lines": 12, "excluded_lines": 0, "percent_statements_covered": 61.29032258064516, "percent_statements_covered_display": "61"}, "missing_lines": [29, 30, 31, 36, 37, 38, 39, 43, 48, 50, 51, 53], "excluded_lines": [], "functions": {"get_audit_trail": {"executed_lines": [25, 26, 27, 28], "summary": {"covered_lines": 4, "num_statements": 16, "percent_covered": 25.0, "percent_covered_display": "25", "missing_lines": 12, "excluded_lines": 0, "percent_statements_covered": 25.0, "percent_statements_covered_display": "25"}, "missing_lines": [29, 30, 31, 36, 37, 38, 39, 43, 48, 50, 51, 53], "excluded_lines": [], "start_line": 21}, "": {"executed_lines": [1, 2, 4, 5, 6, 7, 9, 10, 11, 12, 13, 15, 17, 20, 21], "summary": {"covered_lines": 15, "num_statements": 15, "percent_covered": 100.0, "percent_covered_display": "100", "missing_lines": 0, "excluded_lines": 0, "percent_statements_covered": 100.0, "percent_statements_covered_display": "100"}, "missing_lines": [], "excluded_lines": [], "start_line": 1}}, "classes": {"": {"executed_lines": [1, 2, 4, 5, 6, 7, 9, 10, 11, 12, 13, 15, 17, 20, 21, 25, 26, 27, 28], "summary": {"covered_lines": 19, "num_statements": 31, "percent_covered": 61.29032258064516, "percent_covered_display": "61", "missing_lines": 12, "excluded_lines": 0, "percent_statements_covered": 61.29032258064516, "percent_statements_covered_display": "61"}, "missing_lines": [29, 30, 31, 36, 37, 38, 39, 43, 48, 50, 51, 53], "excluded_lines": [], "start_line": 1}}}, "api/v1/client_logs.py": {"executed_lines": [1, 3, 5, 7, 10, 11, 13, 14, 15, 16, 17, 25, 26, 27, 29, 31], "summary": {"covered_lines": 16, "num_statements": 16, "percent_covered": 100.0, "percent_covered_display": "100", "missing_lines": 0, "excluded_lines": 0, "percent_statements_covered": 100.0, "percent_statements_covered_display": "100"}, "missing_lines": [], "excluded_lines": [], "functions": {"frontend_log": {"executed_lines": [13, 14, 15, 16, 17, 25, 26, 27, 29, 31], "summary": {"covered_lines": 10, "num_statements": 10, "percent_covered": 100.0, "percent_covered_display": "100", "missing_lines": 0, "excluded_lines": 0, "percent_statements_covered": 100.0, "percent_statements_covered_display": "100"}, "missing_lines": [], "excluded_lines": [], "start_line": 11}, "": {"executed_lines": [1, 3, 5, 7, 10, 11], "summary": {"covered_lines": 6, "num_statements": 6, "percent_covered": 100.0, "percent_covered_display": "100", "missing_lines": 0, "excluded_lines": 0, "percent_statements_covered": 100.0, "percent_statements_covered_display": "100"}, "missing_lines": [], "excluded_lines": [], "start_line": 1}}, "classes": {"": {"executed_lines": [1, 3, 5, 7, 10, 11, 13, 14, 15, 16, 17, 25, 26, 27, 29, 31], "summary": {"covered_lines": 16, "num_statements": 16, "percent_covered": 100.0, "percent_covered_display": "100", "missing_lines": 0, "excluded_lines": 0, "percent_statements_covered": 100.0, "percent_statements_covered_display": "100"}, "missing_lines": [], "excluded_lines": [], "start_line": 1}}}, "api/v1/connectors.py": {"executed_lines": [1, 3, 4, 5, 6, 7, 9, 10, 11, 12, 14, 17, 18, 19, 20, 23, 32, 33, 34, 48, 49, 50, 51, 52, 53, 57, 74, 75, 79, 84, 85, 89, 90, 94, 95, 101, 138, 139, 140, 141, 147], "summary": {"covered_lines": 41, "num_statements": 86, "percent_covered": 47.674418604651166, "percent_covered_display": "48", "missing_lines": 45, "excluded_lines": 0, "percent_statements_covered": 47.674418604651166, "percent_statements_covered_display": "48"}, "missing_lines": [24, 25, 26, 27, 28, 29, 35, 36, 58, 59, 60, 64, 86, 96, 97, 102, 103, 104, 109, 110, 111, 112, 113, 115, 117, 118, 119, 120, 121, 122, 123, 124, 125, 131, 132, 133, 134, 135, 142, 143, 148, 149, 150, 154, 155], "excluded_lines": [], "functions": {"_resolve": {"executed_lines": [], "summary": {"covered_lines": 0, "num_statements": 6, "percent_covered": 0.0, "percent_covered_display": "0", "missing_lines": 6, "excluded_lines": 0, "percent_statements_covered": 0.0, "percent_statements_covered_display": "0"}, "missing_lines": [24, 25, 26, 27, 28, 29], "excluded_lines": [], "start_line": 23}, "list_connectors": {"executed_lines": [34], "summary": {"covered_lines": 1, "num_statements": 3, "percent_covered": 33.333333333333336, "percent_covered_display": "33", "missing_lines": 2, "excluded_lines": 0, "percent_statements_covered": 33.333333333333336, "percent_statements_covered_display": "33"}, "missing_lines": [35, 36], "excluded_lines": [], "start_line": 33}, "get_connector": {"executed_lines": [50, 51, 52, 53, 57], "summary": {"covered_lines": 5, "num_statements": 9, "percent_covered": 55.55555555555556, "percent_covered_display": "56", "missing_lines": 4, "excluded_lines": 0, "percent_statements_covered": 55.55555555555556, "percent_statements_covered_display": "56"}, "missing_lines": [58, 59, 60, 64], "excluded_lines": [], "start_line": 49}, "register_connector": {"executed_lines": [79, 84, 85], "summary": {"covered_lines": 3, "num_statements": 4, "percent_covered": 75.0, "percent_covered_display": "75", "missing_lines": 1, "excluded_lines": 0, "percent_statements_covered": 75.0, "percent_statements_covered_display": "75"}, "missing_lines": [86], "excluded_lines": [], "start_line": 75}, "test_connector": {"executed_lines": [94, 95, 101], "summary": {"covered_lines": 3, "num_statements": 28, "percent_covered": 10.714285714285714, "percent_covered_display": "11", "missing_lines": 25, "excluded_lines": 0, "percent_statements_covered": 10.714285714285714, "percent_statements_covered_display": "11"}, "missing_lines": [96, 97, 102, 103, 104, 109, 110, 111, 112, 113, 115, 117, 118, 119, 120, 121, 122, 123, 124, 125, 131, 132, 133, 134, 135], "excluded_lines": [], "start_line": 90}, "delete_connector": {"executed_lines": [140, 141, 147], "summary": {"covered_lines": 3, "num_statements": 10, "percent_covered": 30.0, "percent_covered_display": "30", "missing_lines": 7, "excluded_lines": 0, "percent_statements_covered": 30.0, "percent_statements_covered_display": "30"}, "missing_lines": [142, 143, 148, 149, 150, 154, 155], "excluded_lines": [], "start_line": 139}, "": {"executed_lines": [1, 3, 4, 5, 6, 7, 9, 10, 11, 12, 14, 17, 18, 19, 20, 23, 32, 33, 48, 49, 74, 75, 89, 90, 138, 139], "summary": {"covered_lines": 26, "num_statements": 26, "percent_covered": 100.0, "percent_covered_display": "100", "missing_lines": 0, "excluded_lines": 0, "percent_statements_covered": 100.0, "percent_statements_covered_display": "100"}, "missing_lines": [], "excluded_lines": [], "start_line": 1}}, "classes": {"RegisterConnectorRequest": {"executed_lines": [], "summary": {"covered_lines": 0, "num_statements": 0, "percent_covered": 100.0, "percent_covered_display": "100", "missing_lines": 0, "excluded_lines": 0, "percent_statements_covered": 100.0, "percent_statements_covered_display": "100"}, "missing_lines": [], "excluded_lines": [], "start_line": 17}, "": {"executed_lines": [1, 3, 4, 5, 6, 7, 9, 10, 11, 12, 14, 17, 18, 19, 20, 23, 32, 33, 34, 48, 49, 50, 51, 52, 53, 57, 74, 75, 79, 84, 85, 89, 90, 94, 95, 101, 138, 139, 140, 141, 147], "summary": {"covered_lines": 41, "num_statements": 86, "percent_covered": 47.674418604651166, "percent_covered_display": "48", "missing_lines": 45, "excluded_lines": 0, "percent_statements_covered": 47.674418604651166, "percent_statements_covered_display": "48"}, "missing_lines": [24, 25, 26, 27, 28, 29, 35, 36, 58, 59, 60, 64, 86, 96, 97, 102, 103, 104, 109, 110, 111, 112, 113, 115, 117, 118, 119, 120, 121, 122, 123, 124, 125, 131, 132, 133, 134, 135, 142, 143, 148, 149, 150, 154, 155], "excluded_lines": [], "start_line": 1}}}, "api/v1/debug.py": {"executed_lines": [1, 3, 5, 7, 9, 10, 12, 15, 16, 43, 44, 45, 46, 48, 50, 51], "summary": {"covered_lines": 16, "num_statements": 27, "percent_covered": 59.25925925925926, "percent_covered_display": "59", "missing_lines": 11, "excluded_lines": 0, "percent_statements_covered": 59.25925925925926, "percent_statements_covered_display": "59"}, "missing_lines": [18, 19, 20, 21, 24, 25, 26, 34, 40, 47, 49], "excluded_lines": [], "functions": {"ingest_log": {"executed_lines": [], "summary": {"covered_lines": 0, "num_statements": 9, "percent_covered": 0.0, "percent_covered_display": "0", "missing_lines": 9, "excluded_lines": 0, "percent_statements_covered": 0.0, "percent_statements_covered_display": "0"}, "missing_lines": [18, 19, 20, 21, 24, 25, 26, 34, 40], "excluded_lines": [], "start_line": 16}, "get_logs": {"executed_lines": [45, 46, 48, 50, 51], "summary": {"covered_lines": 5, "num_statements": 7, "percent_covered": 71.42857142857143, "percent_covered_display": "71", "missing_lines": 2, "excluded_lines": 0, "percent_statements_covered": 71.42857142857143, "percent_statements_covered_display": "71"}, "missing_lines": [47, 49], "excluded_lines": [], "start_line": 44}, "": {"executed_lines": [1, 3, 5, 7, 9, 10, 12, 15, 16, 43, 44], "summary": {"covered_lines": 11, "num_statements": 11, "percent_covered": 100.0, "percent_covered_display": "100", "missing_lines": 0, "excluded_lines": 0, "percent_statements_covered": 100.0, "percent_statements_covered_display": "100"}, "missing_lines": [], "excluded_lines": [], "start_line": 1}}, "classes": {"": {"executed_lines": [1, 3, 5, 7, 9, 10, 12, 15, 16, 43, 44, 45, 46, 48, 50, 51], "summary": {"covered_lines": 16, "num_statements": 27, "percent_covered": 59.25925925925926, "percent_covered_display": "59", "missing_lines": 11, "excluded_lines": 0, "percent_statements_covered": 59.25925925925926, "percent_statements_covered_display": "59"}, "missing_lines": [18, 19, 20, 21, 24, 25, 26, 34, 40, 47, 49], "excluded_lines": [], "start_line": 1}}}, "api/v1/events.py": {"executed_lines": [1, 2, 3, 5, 6, 7, 8, 9, 11, 12, 13, 15, 18, 22, 25, 26, 29, 30, 31, 32, 33, 34, 35, 37, 38, 39, 40, 41, 42, 43, 46, 47, 48, 49, 52, 53, 58, 59, 80, 81, 82, 99, 100, 104, 105, 112], "summary": {"covered_lines": 46, "num_statements": 60, "percent_covered": 76.66666666666667, "percent_covered_display": "77", "missing_lines": 14, "excluded_lines": 0, "percent_statements_covered": 76.66666666666667, "percent_statements_covered_display": "77"}, "missing_lines": [62, 63, 64, 65, 74, 92, 106, 107, 108, 115, 116, 117, 118, 123], "excluded_lines": [], "functions": {"RecordEventRequest.payload_size": {"executed_lines": [40, 41, 42, 43], "summary": {"covered_lines": 4, "num_statements": 4, "percent_covered": 100.0, "percent_covered_display": "100", "missing_lines": 0, "excluded_lines": 0, "percent_statements_covered": 100.0, "percent_statements_covered_display": "100"}, "missing_lines": [], "excluded_lines": [], "start_line": 39}, "record_event": {"executed_lines": [58, 59, 80, 81, 82], "summary": {"covered_lines": 5, "num_statements": 11, "percent_covered": 45.45454545454545, "percent_covered_display": "45", "missing_lines": 6, "excluded_lines": 0, "percent_statements_covered": 45.45454545454545, "percent_statements_covered_display": "45"}, "missing_lines": [62, 63, 64, 65, 74, 92], "excluded_lines": [], "start_line": 53}, "get_event": {"executed_lines": [104, 105, 112], "summary": {"covered_lines": 3, "num_statements": 11, "percent_covered": 27.272727272727273, "percent_covered_display": "27", "missing_lines": 8, "excluded_lines": 0, "percent_statements_covered": 27.272727272727273, "percent_statements_covered_display": "27"}, "missing_lines": [106, 107, 108, 115, 116, 117, 118, 123], "excluded_lines": [], "start_line": 100}, "": {"executed_lines": [1, 2, 3, 5, 6, 7, 8, 9, 11, 12, 13, 15, 18, 22, 25, 26, 29, 30, 31, 32, 33, 34, 35, 37, 38, 39, 46, 47, 48, 49, 52, 53, 99, 100], "summary": {"covered_lines": 34, "num_statements": 34, "percent_covered": 100.0, "percent_covered_display": "100", "missing_lines": 0, "excluded_lines": 0, "percent_statements_covered": 100.0, "percent_statements_covered_display": "100"}, "missing_lines": [], "excluded_lines": [], "start_line": 1}}, "classes": {"RecordEventRequest": {"executed_lines": [40, 41, 42, 43], "summary": {"covered_lines": 4, "num_statements": 4, "percent_covered": 100.0, "percent_covered_display": "100", "missing_lines": 0, "excluded_lines": 0, "percent_statements_covered": 100.0, "percent_statements_covered_display": "100"}, "missing_lines": [], "excluded_lines": [], "start_line": 25}, "RecordEventResponse": {"executed_lines": [], "summary": {"covered_lines": 0, "num_statements": 0, "percent_covered": 100.0, "percent_covered_display": "100", "missing_lines": 0, "excluded_lines": 0, "percent_statements_covered": 100.0, "percent_statements_covered_display": "100"}, "missing_lines": [], "excluded_lines": [], "start_line": 46}, "": {"executed_lines": [1, 2, 3, 5, 6, 7, 8, 9, 11, 12, 13, 15, 18, 22, 25, 26, 29, 30, 31, 32, 33, 34, 35, 37, 38, 39, 46, 47, 48, 49, 52, 53, 58, 59, 80, 81, 82, 99, 100, 104, 105, 112], "summary": {"covered_lines": 42, "num_statements": 56, "percent_covered": 75.0, "percent_covered_display": "75", "missing_lines": 14, "excluded_lines": 0, "percent_statements_covered": 75.0, "percent_statements_covered_display": "75"}, "missing_lines": [62, 63, 64, 65, 74, 92, 106, 107, 108, 115, 116, 117, 118, 123], "excluded_lines": [], "start_line": 1}}}, "api/v1/integrations.py": {"executed_lines": [1, 2, 3, 4, 6, 7, 9, 12, 13, 14, 15, 16, 19, 20, 21, 22, 25, 26, 27, 28, 29, 30, 31, 32, 33, 34, 37, 38, 42, 43, 70, 71, 76, 77, 98, 99, 104, 105], "summary": {"covered_lines": 38, "num_statements": 63, "percent_covered": 60.317460317460316, "percent_covered_display": "60", "missing_lines": 25, "excluded_lines": 0, "percent_statements_covered": 60.317460317460316, "percent_statements_covered_display": "60"}, "missing_lines": [44, 45, 55, 56, 57, 58, 59, 60, 62, 63, 64, 78, 79, 84, 85, 91, 92, 106, 107, 112, 113, 125, 126, 130, 131], "excluded_lines": [], "functions": {"sync_odoo": {"executed_lines": [42, 43], "summary": {"covered_lines": 2, "num_statements": 13, "percent_covered": 15.384615384615385, "percent_covered_display": "15", "missing_lines": 11, "excluded_lines": 0, "percent_statements_covered": 15.384615384615385, "percent_statements_covered_display": "15"}, "missing_lines": [44, 45, 55, 56, 57, 58, 59, 60, 62, 63, 64], "excluded_lines": [], "start_line": 38}, "sync_connector_profiles_to_forum": {"executed_lines": [76, 77], "summary": {"covered_lines": 2, "num_statements": 8, "percent_covered": 25.0, "percent_covered_display": "25", "missing_lines": 6, "excluded_lines": 0, "percent_statements_covered": 25.0, "percent_statements_covered_display": "25"}, "missing_lines": [78, 79, 84, 85, 91, 92], "excluded_lines": [], "start_line": 71}, "send_forum_messages_via_connector": {"executed_lines": [104, 105], "summary": {"covered_lines": 2, "num_statements": 10, "percent_covered": 20.0, "percent_covered_display": "20", "missing_lines": 8, "excluded_lines": 0, "percent_statements_covered": 20.0, "percent_statements_covered_display": "20"}, "missing_lines": [106, 107, 112, 113, 125, 126, 130, 131], "excluded_lines": [], "start_line": 99}, "": {"executed_lines": [1, 2, 3, 4, 6, 7, 9, 12, 13, 14, 15, 16, 19, 20, 21, 22, 25, 26, 27, 28, 29, 30, 31, 32, 33, 34, 37, 38, 70, 71, 98, 99], "summary": {"covered_lines": 32, "num_statements": 32, "percent_covered": 100.0, "percent_covered_display": "100", "missing_lines": 0, "excluded_lines": 0, "percent_statements_covered": 100.0, "percent_statements_covered_display": "100"}, "missing_lines": [], "excluded_lines": [], "start_line": 1}}, "classes": {"SyncRequest": {"executed_lines": [], "summary": {"covered_lines": 0, "num_statements": 0, "percent_covered": 100.0, "percent_covered_display": "100", "missing_lines": 0, "excluded_lines": 0, "percent_statements_covered": 100.0, "percent_statements_covered_display": "100"}, "missing_lines": [], "excluded_lines": [], "start_line": 12}, "ForumProfileSyncRequest": {"executed_lines": [], "summary": {"covered_lines": 0, "num_statements": 0, "percent_covered": 100.0, "percent_covered_display": "100", "missing_lines": 0, "excluded_lines": 0, "percent_statements_covered": 100.0, "percent_statements_covered_display": "100"}, "missing_lines": [], "excluded_lines": [], "start_line": 19}, "ForumMessageRequest": {"executed_lines": [], "summary": {"covered_lines": 0, "num_statements": 0, "percent_covered": 100.0, "percent_covered_display": "100", "missing_lines": 0, "excluded_lines": 0, "percent_statements_covered": 100.0, "percent_statements_covered_display": "100"}, "missing_lines": [], "excluded_lines": [], "start_line": 25}, "": {"executed_lines": [1, 2, 3, 4, 6, 7, 9, 12, 13, 14, 15, 16, 19, 20, 21, 22, 25, 26, 27, 28, 29, 30, 31, 32, 33, 34, 37, 38, 42, 43, 70, 71, 76, 77, 98, 99, 104, 105], "summary": {"covered_lines": 38, "num_statements": 63, "percent_covered": 60.317460317460316, "percent_covered_display": "60", "missing_lines": 25, "excluded_lines": 0, "percent_statements_covered": 60.317460317460316, "percent_statements_covered_display": "60"}, "missing_lines": [44, 45, 55, 56, 57, 58, 59, 60, 62, 63, 64, 78, 79, 84, 85, 91, 92, 106, 107, 112, 113, 125, 126, 130, 131], "excluded_lines": [], "start_line": 1}}}, "api/v1/interventions.py": {"executed_lines": [1, 2, 3, 5, 6, 8, 11, 12, 13, 14, 20, 21, 26, 27, 28, 30], "summary": {"covered_lines": 16, "num_statements": 21, "percent_covered": 76.19047619047619, "percent_covered_display": "76", "missing_lines": 5, "excluded_lines": 0, "percent_statements_covered": 76.19047619047619, "percent_statements_covered_display": "76"}, "missing_lines": [15, 16, 17, 31, 32], "excluded_lines": [], "functions": {"_priority_for_reason": {"executed_lines": [12, 13, 14], "summary": {"covered_lines": 3, "num_statements": 6, "percent_covered": 50.0, "percent_covered_display": "50", "missing_lines": 3, "excluded_lines": 0, "percent_statements_covered": 50.0, "percent_statements_covered_display": "50"}, "missing_lines": [15, 16, 17], "excluded_lines": [], "start_line": 11}, "list_interventions": {"executed_lines": [26, 27, 28, 30], "summary": {"covered_lines": 4, "num_statements": 6, "percent_covered": 66.66666666666667, "percent_covered_display": "67", "missing_lines": 2, "excluded_lines": 0, "percent_statements_covered": 66.66666666666667, "percent_statements_covered_display": "67"}, "missing_lines": [31, 32], "excluded_lines": [], "start_line": 21}, "": {"executed_lines": [1, 2, 3, 5, 6, 8, 11, 20, 21], "summary": {"covered_lines": 9, "num_statements": 9, "percent_covered": 100.0, "percent_covered_display": "100", "missing_lines": 0, "excluded_lines": 0, "percent_statements_covered": 100.0, "percent_statements_covered_display": "100"}, "missing_lines": [], "excluded_lines": [], "start_line": 1}}, "classes": {"": {"executed_lines": [1, 2, 3, 5, 6, 8, 11, 12, 13, 14, 20, 21, 26, 27, 28, 30], "summary": {"covered_lines": 16, "num_statements": 21, "percent_covered": 76.19047619047619, "percent_covered_display": "76", "missing_lines": 5, "excluded_lines": 0, "percent_statements_covered": 76.19047619047619, "percent_statements_covered_display": "76"}
[...]
: {"covered_lines": 9, "num_statements": 9, "percent_covered": 100.0, "percent_covered_display": "100", "missing_lines": 0, "excluded_lines": 0, "percent_statements_covered": 100.0, "percent_statements_covered_display": "100"}, "missing_lines": [], "excluded_lines": [], "start_line": 48}, "test_update_status_round_trip": {"executed_lines": [65, 66, 67, 68], "summary": {"covered_lines": 4, "num_statements": 4, "percent_covered": 100.0, "percent_covered_display": "100", "missing_lines": 0, "excluded_lines": 0, "percent_statements_covered": 100.0, "percent_statements_covered_display": "100"}, "missing_lines": [], "excluded_lines": [], "start_line": 64}, "": {"executed_lines": [8, 10, 12, 13, 15, 16, 19, 20, 39, 40, 47, 48, 63, 64], "summary": {"covered_lines": 14, "num_statements": 14, "percent_covered": 100.0, "percent_covered_display": "100", "missing_lines": 0, "excluded_lines": 0, "percent_statements_covered": 100.0, "percent_statements_covered_display": "100"}, "missing_lines": [], "excluded_lines": [], "start_line": 1}}, "classes": {"": {"executed_lines": [8, 10, 12, 13, 15, 16, 19, 20, 21, 22, 23, 24, 25, 28, 30, 31, 33, 34, 36, 39, 40, 41, 42, 43, 44, 47, 48, 49, 50, 51, 52, 54, 57, 58, 59, 60, 63, 64, 65, 66, 67, 68], "summary": {"covered_lines": 42, "num_statements": 42, "percent_covered": 100.0, "percent_covered_display": "100", "missing_lines": 0, "excluded_lines": 0, "percent_statements_covered": 100.0, "percent_statements_covered_display": "100"}, "missing_lines": [], "excluded_lines": [], "start_line": 1}}}, "tests/unit/test_workflow_simplifier.py": {"executed_lines": [2, 3, 5, 21, 22, 31, 32, 33, 34, 35, 36, 39, 40, 41, 42, 45, 46, 47, 48, 49, 50, 53, 54, 55, 58, 59, 63, 64, 65, 72, 73, 81, 82, 83, 84, 87, 88, 93, 94, 97, 98, 103, 104, 105, 108, 109, 115, 116, 117, 118, 121, 122, 127, 128, 131, 132, 135, 136, 137, 140, 141, 151, 152, 160, 161, 162, 164, 165, 167, 170, 171, 176, 177, 178, 179, 182, 183, 188, 189, 190, 193, 194, 198, 200, 201, 208, 209, 210, 213, 214, 219, 220, 221, 222, 223, 226, 227, 230, 231, 232, 235, 236, 239, 240, 247, 248, 249, 250, 251, 253, 254, 256, 257, 259, 260, 265, 266, 267, 268, 271, 272, 273, 274, 275, 276, 278, 279, 281, 282, 285, 286, 287, 290, 291, 292, 293, 294, 295, 297, 298, 300, 301, 304, 305, 308, 309, 310, 311, 312, 313, 314, 316, 317, 319, 320, 321, 322, 329, 330, 331, 332, 333, 335, 336, 337, 338, 341, 342, 344, 345, 353, 356, 357, 358, 361, 362], "summary": {"covered_lines": 176, "num_statements": 177, "percent_covered": 99.43502824858757, "percent_covered_display": "99", "missing_lines": 1, "excluded_lines": 0, "percent_statements_covered": 99.43502824858757, "percent_statements_covered_display": "99"}, "missing_lines": [339], "excluded_lines": [], "functions": {"test_pass1_google_search_strips_session_params": {"executed_lines": [22, 31, 32, 33, 34, 35, 36], "summary": {"covered_lines": 7, "num_statements": 7, "percent_covered": 100.0, "percent_covered_display": "100", "missing_lines": 0, "excluded_lines": 0, "percent_statements_covered": 100.0, "percent_statements_covered_display": "100"}, "missing_lines": [], "excluded_lines": [], "start_line": 21}, "test_pass1_google_search_keeps_only_q": {"executed_lines": [40, 41, 42], "summary": {"covered_lines": 3, "num_statements": 3, "percent_covered": 100.0, "percent_covered_display": "100", "missing_lines": 0, "excluded_lines": 0, "percent_statements_covered": 100.0, "percent_statements_covered_display": "100"}, "missing_lines": [], "excluded_lines": [], "start_line": 39}, "test_pass1_utm_params_stripped": {"executed_lines": [46, 47, 48, 49, 50], "summary": {"covered_lines": 5, "num_statements": 5, "percent_covered": 100.0, "percent_covered_display": "100", "missing_lines": 0, "excluded_lines": 0, "percent_statements_covered": 100.0, "percent_statements_covered_display": "100"}, "missing_lines": [], "excluded_lines": [], "start_line": 45}, "test_pass1_clean_url_no_params": {"executed_lines": [54, 55], "summary": {"covered_lines": 2, "num_statements": 2, "percent_covered": 100.0, "percent_covered_display": "100", "missing_lines": 0, "excluded_lines": 0, "percent_statements_covered": 100.0, "percent_statements_covered_display": "100"}, "missing_lines": [], "excluded_lines": [], "start_line": 53}, "test_pass1_navigate_steps_cleaned": {"executed_lines": [59, 63, 64, 65], "summary": {"covered_lines": 4, "num_statements": 4, "percent_covered": 100.0, "percent_covered_display": "100", "missing_lines": 0, "excluded_lines": 0, "percent_statements_covered": 100.0, "percent_statements_covered_display": "100"}, "missing_lines": [], "excluded_lines": [], "start_line": 58}, "test_pass2_ephemeral_id_removed": {"executed_lines": [73, 81, 82, 83, 84], "summary": {"covered_lines": 5, "num_statements": 5, "percent_covered": 100.0, "percent_covered_display": "100", "missing_lines": 0, "excluded_lines": 0, "percent_statements_covered": 100.0, "percent_statements_covered_display": "100"}, "missing_lines": [], "excluded_lines": [], "start_line": 72}, "test_pass2_text_selector_kept": {"executed_lines": [88, 93, 94], "summary": {"covered_lines": 3, "num_statements": 3, "percent_covered": 100.0, "percent_covered_display": "100", "missing_lines": 0, "excluded_lines": 0, "percent_statements_covered": 100.0, "percent_statements_covered_display": "100"}, "missing_lines": [], "excluded_lines": [], "start_line": 87}, "test_pass2_empty_chain_marks_intent_only": {"executed_lines": [98, 103, 104, 105], "summary": {"covered_lines": 4, "num_statements": 4, "percent_covered": 100.0, "percent_covered_display": "100", "missing_lines": 0, "excluded_lines": 0, "percent_statements_covered": 100.0, "percent_statements_covered_display": "100"}, "missing_lines": [], "excluded_lines": [], "start_line": 97}, "test_pass2_null_intent_gets_synthesized": {"executed_lines": [109, 115, 116, 117, 118], "summary": {"covered_lines": 5, "num_statements": 5, "percent_covered": 100.0, "percent_covered_display": "100", "missing_lines": 0, "excluded_lines": 0, "percent_statements_covered": 100.0, "percent_statements_covered_display": "100"}, "missing_lines": [], "excluded_lines": [], "start_line": 108}, "test_pass2_short_intent_gets_enriched": {"executed_lines": [122, 127, 128], "summary": {"covered_lines": 3, "num_statements": 3, "percent_covered": 100.0, "percent_covered_display": "100", "missing_lines": 0, "excluded_lines": 0, "percent_statements_covered": 100.0, "percent_statements_covered_display": "100"}, "missing_lines": [], "excluded_lines": [], "start_line": 121}, "test_is_ephemeral_selector_random_id": {"executed_lines": [132], "summary": {"covered_lines": 1, "num_statements": 1, "percent_covered": 100.0, "percent_covered_display": "100", "missing_lines": 0, "excluded_lines": 0, "percent_statements_covered": 100.0, "percent_statements_covered_display": "100"}, "missing_lines": [], "excluded_lines": [], "start_line": 131}, "test_is_ephemeral_selector_stable_id": {"executed_lines": [136, 137], "summary": {"covered_lines": 2, "num_statements": 2, "percent_covered": 100.0, "percent_covered_display": "100", "missing_lines": 0, "excluded_lines": 0, "percent_statements_covered": 100.0, "percent_statements_covered_display": "100"}, "missing_lines": [], "excluded_lines": [], "start_line": 135}, "test_is_ephemeral_deep_nth_of_type": {"executed_lines": [141], "summary": {"covered_lines": 1, "num_statements": 1, "percent_covered": 100.0, "percent_covered_display": "100", "missing_lines": 0, "excluded_lines": 0, "percent_statements_covered": 100.0, "percent_statements_covered_display": "100"}, "missing_lines": [], "excluded_lines": [], "start_line": 140}, "test_pass3_search_detour_collapsed": {"executed_lines": [152, 160, 161, 162, 164, 165, 167], "summary": {"covered_lines": 7, "num_statements": 7, "percent_covered": 100.0, "percent_covered_display": "100", "missing_lines": 0, "excluded_lines": 0, "percent_statements_covered": 100.0, "percent_statements_covered_display": "100"}, "missing_lines": [], "excluded_lines": [], "start_line": 151}, "test_pass3_consecutive_same_domain_navigates_collapsed": {"executed_lines": [171, 176, 177, 178, 179], "summary": {"covered_lines": 5, "num_statements": 5, "percent_covered": 100.0, "percent_covered_display": "100", "missing_lines": 0, "excluded_lines": 0, "percent_statements_covered": 100.0, "percent_statements_covered_display": "100"}, "missing_lines": [], "excluded_lines": [], "start_line": 170}, "test_pass3_duplicate_consecutive_actions_removed": {"executed_lines": [183, 188, 189, 190], "summary": {"covered_lines": 4, "num_statements": 4, "percent_covered": 100.0, "percent_covered_display": "100", "missing_lines": 0, "excluded_lines": 0, "percent_statements_covered": 100.0, "percent_statements_covered_display": "100"}, "missing_lines": [], "excluded_lines": [], "start_line": 182}, "test_pass3_different_domain_navigates_kept": {"executed_lines": [194, 198, 200, 201], "summary": {"covered_lines": 4, "num_statements": 4, "percent_covered": 100.0, "percent_covered_display": "100", "missing_lines": 0, "excluded_lines": 0, "percent_statements_covered": 100.0, "percent_statements_covered_display": "100"}, "missing_lines": [], "excluded_lines": [], "start_line": 193}, "_FakePhase.__init__": {"executed_lines": [210], "summary": {"covered_lines": 1, "num_statements": 1, "percent_covered": 100.0, "percent_covered_display": "100", "missing_lines": 0, "excluded_lines": 0, "percent_statements_covered": 100.0, "percent_statements_covered_display": "100"}, "missing_lines": [], "excluded_lines": [], "start_line": 209}, "test_pass3b_marks_phase_entry_navigates": {"executed_lines": [214, 219, 220, 221, 222, 223], "summary": {"covered_lines": 6, "num_statements": 6, "percent_covered": 100.0, "percent_covered_display": "100", "missing_lines": 0, "excluded_lines": 0, "percent_statements_covered": 100.0, "percent_statements_covered_display": "100"}, "missing_lines": [], "excluded_lines": [], "start_line": 213}, "test_pass3b_non_navigate_not_checkpointed": {"executed_lines": [227, 230, 231, 232], "summary": {"covered_lines": 4, "num_statements": 4, "percent_covered": 100.0, "percent_covered_display": "100", "missing_lines": 0, "excluded_lines": 0, "percent_statements_covered": 100.0, "percent_statements_covered_display": "100"}, "missing_lines": [], "excluded_lines": [], "start_line": 226}, "test_pass3b_no_phases_returns_unchanged": {"executed_lines": [236, 239, 240], "summary": {"covered_lines": 3, "num_statements": 3, "percent_covered": 100.0, "percent_covered_display": "100", "missing_lines": 0, "excluded_lines": 0, "percent_statements_covered": 100.0, "percent_statements_covered_display": "100"}, "missing_lines": [], "excluded_lines": [], "start_line": 235}, "test_pass4_ai_returns_fewer_steps": {"executed_lines": [249, 250, 256, 257, 259, 260, 265, 266, 267, 268], "summary": {"covered_lines": 10, "num_statements": 10, "percent_covered": 100.0, "percent_covered_display": "100", "missing_lines": 0, "excluded_lines": 0, "percent_statements_covered": 100.0, "percent_statements_covered_display": "100"}, "missing_lines": [], "excluded_lines": [], "start_line": 248}, "test_pass4_ai_returns_fewer_steps.SimplifyingProvider.generate": {"executed_lines": [251, 253, 254], "summary": {"covered_lines": 3, "num_statements": 3, "percent_covered": 100.0, "percent_covered_display": "100", "missing_lines": 0, "excluded_lines": 0, "percent_statements_covered": 100.0, "percent_statements_covered_display": "100"}, "missing_lines": [], "excluded_lines": [], "start_line": 250}, "test_pass4_ai_invalid_json_falls_back": {"executed_lines": [273, 274, 278, 279, 281, 282, 285, 286, 287], "summary": {"covered_lines": 9, "num_statements": 9, "percent_covered": 100.0, "percent_covered_display": "100", "missing_lines": 0, "excluded_lines": 0, "percent_statements_covered": 100.0, "percent_statements_covered_display": "100"}, "missing_lines": [], "excluded_lines": [], "start_line": 272}, "test_pass4_ai_invalid_json_falls_back.BadJsonProvider.generate": {"executed_lines": [275, 276], "summary": {"covered_lines": 2, "num_statements": 2, "percent_covered": 100.0, "percent_covered_display": "100", "missing_lines": 0, "excluded_lines": 0, "percent_statements_covered": 100.0, "percent_statements_covered_display": "100"}, "missing_lines": [], "excluded_lines": [], "start_line": 274}, "test_pass4_ai_empty_list_falls_back": {"executed_lines": [292, 293, 297, 298, 300, 301, 304, 305], "summary": {"covered_lines": 8, "num_statements": 8, "percent_covered": 100.0, "percent_covered_display": "100", "missing_lines": 0, "excluded_lines": 0, "percent_statements_covered": 100.0, "percent_statements_covered_display": "100"}, "missing_lines": [], "excluded_lines": [], "start_line": 291}, "test_pass4_ai_empty_list_falls_back.EmptyProvider.generate": {"executed_lines": [294, 295], "summary": {"covered_lines": 2, "num_statements": 2, "percent_covered": 100.0, "percent_covered_display": "100", "missing_lines": 0, "excluded_lines": 0, "percent_statements_covered": 100.0, "percent_statements_covered_display": "100"}, "missing_lines": [], "excluded_lines": [], "start_line": 293}, "test_pass4_ai_markdown_fenced_json_parsed": {"executed_lines": [310, 311, 316, 317, 319, 320, 321, 322], "summary": {"covered_lines": 8, "num_statements": 8, "percent_covered": 100.0, "percent_covered_display": "100", "missing_lines": 0, "excluded_lines": 0, "percent_statements_covered": 100.0, "percent_statements_covered_display": "100"}, "missing_lines": [], "excluded_lines": [], "start_line": 309}, "test_pass4_ai_markdown_fenced_json_parsed.FencedProvider.generate": {"executed_lines": [312, 313, 314], "summary": {"covered_lines": 3, "num_statements": 3, "percent_covered": 100.0, "percent_covered_display": "100", "missing_lines": 0, "excluded_lines": 0, "percent_statements_covered": 100.0, "percent_statements_covered_display": "100"}, "missing_lines": [], "excluded_lines": [], "start_line": 311}, "test_simplifier_full_pipeline_speedtest": {"executed_lines": [331, 332, 341, 342, 344, 345, 353, 356, 357, 358, 361, 362], "summary": {"covered_lines": 12, "num_statements": 12, "percent_covered": 100.0, "percent_covered_display": "100", "missing_lines": 0, "excluded_lines": 0, "percent_statements_covered": 100.0, "percent_statements_covered_display": "100"}, "missing_lines": [], "excluded_lines": [], "start_line": 330}, "test_simplifier_full_pipeline_speedtest.IdentityProvider.generate": {"executed_lines": [333, 335, 336, 337, 338], "summary": {"covered_lines": 5, "num_statements": 6, "percent_covered": 83.33333333333333, "percent_covered_display": "83", "missing_lines": 1, "excluded_lines": 0, "percent_statements_covered": 83.33333333333333, "percent_statements_covered_display": "83"}, "missing_lines": [339], "excluded_lines": [], "start_line": 332}, "": {"executed_lines": [2, 3, 5, 21, 39, 45, 53, 58, 72, 87, 97, 108, 121, 131, 135, 140, 151, 170, 182, 193, 208, 209, 213, 226, 235, 247, 248, 271, 272, 290, 291, 308, 309, 329, 330], "summary": {"covered_lines": 35, "num_statements": 35, "percent_covered": 100.0, "percent_covered_display": "100", "missing_lines": 0, "excluded_lines": 0, "percent_statements_covered": 100.0, "percent_statements_covered_display": "100"}, "missing_lines": [], "excluded_lines": [], "start_line": 1}}, "classes": {"_FakePhase": {"executed_lines": [210], "summary": {"covered_lines": 1, "num_statements": 1, "percent_covered": 100.0, "percent_covered_display": "100", "missing_lines": 0, "excluded_lines": 0, "percent_statements_covered": 100.0, "percent_statements_covered_display": "100"}, "missing_lines": [], "excluded_lines": [], "start_line": 208}, "test_pass4_ai_returns_fewer_steps.SimplifyingProvider": {"executed_lines": [251, 253, 254], "summary": {"covered_lines": 3, "num_statements": 3, "percent_covered": 100.0, "percent_covered_display": "100", "missing_lines": 0, "excluded_lines": 0, "percent_statements_covered": 100.0, "percent_statements_covered_display": "100"}, "missing_lines": [], "excluded_lines": [], "start_line": 249}, "test_pass4_ai_invalid_json_falls_back.BadJsonProvider": {"executed_lines": [275, 276], "summary": {"covered_lines": 2, "num_statements": 2, "percent_covered": 100.0, "percent_covered_display": "100", "missing_lines": 0, "excluded_lines": 0, "percent_statements_covered": 100.0, "percent_statements_covered_display": "100"}, "missing_lines": [], "excluded_lines": [], "start_line": 273}, "test_pass4_ai_empty_list_falls_back.EmptyProvider": {"executed_lines": [294, 295], "summary": {"covered_lines": 2, "num_statements": 2, "percent_covered": 100.0, "percent_covered_display": "100", "missing_lines": 0, "excluded_lines": 0, "percent_statements_covered": 100.0, "percent_statements_covered_display": "100"}, "missing_lines": [], "excluded_lines": [], "start_line": 292}, "test_pass4_ai_markdown_fenced_json_parsed.FencedProvider": {"executed_lines": [312, 313, 314], "summary": {"covered_lines": 3, "num_statements": 3, "percent_covered": 100.0, "percent_covered_display": "100", "missing_lines": 0, "excluded_lines": 0, "percent_statements_covered": 100.0, "percent_statements_covered_display": "100"}, "missing_lines": [], "excluded_lines": [], "start_line": 310}, "test_simplifier_full_pipeline_speedtest.IdentityProvider": {"executed_lines": [333, 335, 336, 337, 338], "summary": {"covered_lines": 5, "num_statements": 6, "percent_covered": 83.33333333333333, "percent_covered_display": "83", "missing_lines": 1, "excluded_lines": 0, "percent_statements_covered": 83.33333333333333, "percent_statements_covered_display": "83"}, "missing_lines": [339], "excluded_lines": [], "start_line": 331}, "": {"executed_lines": [2, 3, 5, 21, 22, 31, 32, 33, 34, 35, 36, 39, 40, 41, 42, 45, 46, 47, 48, 49, 50, 53, 54, 55, 58, 59, 63, 64, 65, 72, 73, 81, 82, 83, 84, 87, 88, 93, 94, 97, 98, 103, 104, 105, 108, 109, 115, 116, 117, 118, 121, 122, 127, 128, 131, 132, 135, 136, 137, 140, 141, 151, 152, 160, 161, 162, 164, 165, 167, 170, 171, 176, 177, 178, 179, 182, 183, 188, 189, 190, 193, 194, 198, 200, 201, 208, 209, 213, 214, 219, 220, 221, 222, 223, 226, 227, 230, 231, 232, 235, 236, 239, 240, 247, 248, 249, 250, 256, 257, 259, 260, 265, 266, 267, 268, 271, 272, 273, 274, 278, 279, 281, 282, 285, 286, 287, 290, 291, 292, 293, 297, 298, 300, 301, 304, 305, 308, 309, 310, 311, 316, 317, 319, 320, 321, 322, 329, 330, 331, 332, 341, 342, 344, 345, 353, 356, 357, 358, 361, 362], "summary": {"covered_lines": 160, "num_statements": 160, "percent_covered": 100.0, "percent_covered_display": "100", "missing_lines": 0, "excluded_lines": 0, "percent_statements_covered": 100.0, "percent_statements_covered_display": "100"}, "missing_lines": [], "excluded_lines": [], "start_line": 1}}}, "workers/__init__.py": {"executed_lines": [], "summary": {"covered_lines": 0, "num_statements": 0, "percent_covered": 100.0, "percent_covered_display": "100", "missing_lines": 0, "excluded_lines": 0, "percent_statements_covered": 100.0, "percent_statements_covered_display": "100"}, "missing_lines": [], "excluded_lines": [], "functions": {"": {"executed_lines": [], "summary": {"covered_lines": 0, "num_statements": 0, "percent_covered": 100.0, "percent_covered_display": "100", "missing_lines": 0, "excluded_lines": 0, "percent_statements_covered": 100.0, "percent_statements_covered_display": "100"}, "missing_lines": [], "excluded_lines": [], "start_line": 1}}, "classes": {"": {"executed_lines": [], "summary": {"covered_lines": 0, "num_statements": 0, "percent_covered": 100.0, "percent_covered_display": "100", "missing_lines": 0, "excluded_lines": 0, "percent_statements_covered": 100.0, "percent_statements_covered_display": "100"}, "missing_lines": [], "excluded_lines": [], "start_line": 1}}}}, "totals": {"covered_lines": 9814, "num_statements": 10910, "percent_covered": 89.95417048579284, "percent_covered_display": "90", "missing_lines": 1096, "excluded_lines": 58, "percent_statements_covered": 89.95417048579284, "percent_statements_covered_display": "90"}}